2024-11-28 17:59:27,579 - INFO - Initializing PyBullet environment...
2024-11-28 17:59:31,261 - INFO - Starting simulation...
2024-11-28 17:59:31,733 - INFO - Set racecar velocity: Forward=7.343786188950427e-19, Steering=-0.12141762017790728
2024-11-28 17:59:31,734 - INFO - Position: (-2.93750953770964e-20, 3.584284969595404e-21, 0.19982968750000002), Errors: X=2.93750953770964e-20, Y=-3.584284969595404e-21, Velocities: X=7.343786188950427e-19, Y=-8.960727486692903e-20, PID: KP=1.0, KI=0.009999999776482582, KD=0.10000000149011612
2024-11-28 17:59:31,829 - INFO - Set racecar velocity: Forward=2.726226844528155e-10, Steering=1.5703503196839137
2024-11-28 17:59:31,829 - INFO - Position: (-1.0904889075502252e-11, -6.731737469366496e-05, 0.199489092052968), Errors: X=1.0904889075502252e-11, Y=6.731737469366496e-05, Velocities: X=2.726226844528155e-10, Y=0.001682937196306743, PID: KP=1.0, KI=0.009999999776482582, KD=0.10000000149011612
2024-11-28 17:59:31,932 - INFO - Set racecar velocity: Forward=6.1394764662162494e-06, Steering=-1.5670284452963896
2024-11-28 17:59:31,933 - INFO - Position: (-2.455891144957815e-07, 0.0004938145448427269, 0.19897825002405567), Errors: X=2.455891144957815e-07, Y=-0.0004938145448427269, Velocities: X=6.1394764662162494e-06, Y=-0.013960998585107572, PID: KP=1.0, KI=0.009999999776482582, KD=0.10000000149011612
2024-11-28 17:59:32,030 - INFO - Set racecar velocity: Forward=4.86084730789609e-05, Steering=1.5501870732912537
2024-11-28 17:59:32,030 - INFO - Position: (-2.180100402567034e-06, -0.0001096312594120772, 0.19829722032112096), Errors: X=2.180100402567034e-06, Y=0.0001096312594120772, Velocities: X=4.86084730789609e-05, Y=0.014592317574590426, PID: KP=1.0, KI=0.009999999776482582, KD=0.10000000149011612
2024-11-28 17:59:32,125 - INFO - Set racecar velocity: Forward=1.20435028259674e-05, Steering=-1.5621302737172156
2024-11-28 17:59:32,125 - INFO - Position: (-2.5746281599785e-06, 0.00045601128722711295, 0.19744597386813154), Errors: X=2.5746281599785e-06, Y=-0.00045601128722711295, Velocities: X=1.20435028259674e-05, Y=-0.014031464812073076, PID: KP=1.0, KI=0.009999999776482582, KD=0.10000000149011612
2024-11-28 17:59:32,224 - INFO - Set racecar velocity: Forward=4.67005998411008e-05, Steering=1.5396218749932309
2024-11-28 17:59:32,224 - INFO - Position: (-4.339651435341517e-06, -0.00014354062802336963, 0.1964246081482594), Errors: X=4.339651435341517e-06, Y=0.00014354062802336963, Velocities: X=4.67005998411008e-05, Y=0.01453276058609493, PID: KP=1.0, KI=0.009999999776482582, KD=0.10000000149011612
2024-11-28 17:59:32,320 - INFO - Set racecar velocity: Forward=1.713782725794993e-05, Steering=-1.5565816924386664
2024-11-28 17:59:32,320 - INFO - Position: (-4.851554808365503e-06, 0.00042574256360537835, 0.19523310900820115), Errors: X=4.851554808365503e-06, Y=-0.00042574256360537835, Velocities: X=1.713782725794993e-05, Y=-0.014088583327916447, PID: KP=1.0, KI=0.009999999776482582, KD=0.10000000149011612
2024-11-28 17:59:32,416 - INFO - Set racecar velocity: Forward=4.5513576832446544e-05, Steering=1.5317218553173397
2024-11-28 17:59:32,416 - INFO - Position: (-6.478001216836275e-06, -0.0001706425859609698, 0.19387156846694212), Errors: X=6.478001216836275e-06, Y=0.0001706425859609698, Velocities: X=4.5513576832446544e-05, Y=0.014483849537315283, PID: KP=1.0, KI=0.009999999776482582, KD=0.10000000149011612
2024-11-28 17:59:32,511 - INFO - Set racecar velocity: Forward=2.1551066130215396e-05, Steering=-1.5505061210368458
2024-11-28 17:59:32,512 - INFO - Position: (-7.0808775540589306e-06, 0.0004015809075967517, 0.1923399864288678), Errors: X=7.0808775540589306e-06, Y=-0.0004015809075967517, Velocities: X=2.1551066130215396e-05, Y=-0.01413499854168457, PID: KP=1.0, KI=0.009999999776482582, KD=0.10000000149011612
2024-11-28 17:59:32,608 - INFO - Set racecar velocity: Forward=4.4899049110953305e-05, Steering=1.5248484569943759
2024-11-28 17:59:32,609 - INFO - Position: (-8.593543821434832e-06, -0.00019223094429123727, 0.19063845160237897), Errors: X=8.593543821434832e-06, Y=0.00019223094429123727, Velocities: X=4.4899049110953305e-05, Y=0.014443670027529705, PID: KP=1.0, KI=0.009999999776482582, KD=0.10000000149011612
2024-11-28 17:59:32,704 - INFO - Set racecar velocity: Forward=2.5401260107075208e-05, Steering=-1.5440362765730253
2024-11-28 17:59:32,704 - INFO - Position: (-9.265776447022673e-06, 0.00038236850398430065, 0.1887669758848471), Errors: X=9.265776447022673e-06, Y=-0.00038236850398430065, Velocities: X=2.5401260107075208e-05, Y=-0.014172816974547564, PID: KP=1.0, KI=0.009999999776482582, KD=0.10000000149011612
2024-11-28 17:59:32,798 - INFO - Set racecar velocity: Forward=4.47386711692435e-05, Steering=1.5184176308383281
2024-11-28 17:59:32,798 - INFO - Position: (-1.0684598391730097e-05, -0.00020935369619758912, 0.1867256463981823), Errors: X=1.0684598391730097e-05, Y=0.00020935369619758912, Velocities: X=4.47386711692435e-05, Y=0.014410633928792195, PID: KP=1.0, KI=0.009999999776482582, KD=0.10000000149011612
2024-11-28 17:59:32,892 - INFO - Set racecar velocity: Forward=2.8785715131118548e-05, Steering=-1.5373030640343084
2024-11-28 17:59:32,892 - INFO - Position: (-1.1408530212848114e-05, 0.00036716654690115564, 0.18451448534107404), Errors: X=1.1408530212848114e-05, Y=-0.00036716654690115564, Velocities: X=2.8785715131118548e-05, Y=-0.014203720669443613, PID: KP=1.0, KI=0.009999999776482582, KD=0.10000000149011612
2024-11-28 17:59:32,986 - INFO - Set racecar velocity: Forward=4.4937496088818144e-05, Steering=1.5121733623586664
2024-11-28 17:59:32,986 - INFO - Position: (-1.2749554741344384e-05, -0.00022285967263980022, 0.18213357965587146), Errors: X=1.2749554741344384e-05, Y=0.00022285967263980022, Velocities: X=4.4937496088818144e-05, Y=0.014383430356459169, PID: KP=1.0, KI=0.009999999776482582, KD=0.10000000149011612
2024-11-28 17:59:33,082 - INFO - Set racecar velocity: Forward=3.17842009596829e-05, Steering=-1.5304268418261866
2024-11-28 17:59:33,082 - INFO - Position: (-1.3510783973856646e-05, 0.00035521399049727665, 0.17958296046156808), Errors: X=1.3510783973856646e-05, Y=-0.00035521399049727665, Velocities: X=3.17842009596829e-05, Y=-0.014229055709278371, PID: KP=1.0, KI=0.009999999776482582, KD=0.10000000149011612
2024-11-28 17:59:33,176 - INFO - Set racecar velocity: Forward=4.541915726661891e-05, Steering=1.5059897260212984
2024-11-28 17:59:33,176 - INFO - Position: (-1.4786937637084293e-05, -0.0002334363750642888, 0.17686271567351), Errors: X=1.4786937637084293e-05, Y=0.0002334363750642888, Velocities: X=4.541915726661891e-05, Y=0.014360981488819048, PID: KP=1.0, KI=0.009999999776482582, KD=0.10000000149011612
2024-11-28 17:59:33,270 - INFO - Set racecar velocity: Forward=3.446192302133012e-05, Steering=-1.5235117700928646
2024-11-28 17:59:33,270 - INFO - Position: (-1.5573729834755844e-05, 0.00034589399824545174, 0.17397288420476778), Errors: X=1.5573729834755844e-05, Y=-0.00034589399824545174, Velocities: X=3.446192302133012e-05, Y=-0.014249901447354104, PID: KP=1.0, KI=0.009999999776482582, KD=0.10000000149011612
2024-11-28 17:59:33,364 - INFO - Set racecar velocity: Forward=4.612215373879027e-05, Steering=1.499801168244664
2024-11-28 17:59:33,364 - INFO - Position: (-1.6795431574612176e-05, -0.00024164063581953138, 0.17091355588635604), Errors: X=1.6795431574612176e-05, Y=0.00024164063581953138, Velocities: X=4.612215373879027e-05, Y=0.014342403849367294, PID: KP=1.0, KI=0.009999999776482582, KD=0.10000000149011612
2024-11-28 17:59:33,458 - INFO - Set racecar velocity: Forward=3.6872085578152626e-05, Steering=-1.5166431873549655
2024-11-28 17:59:33,458 - INFO - Position: (-1.7598233194053162e-05, 0.00033870668189227217, 0.1676847765070661), Errors: X=1.7598233194053162e-05, Y=-0.00033870668189227217, Velocities: X=3.6872085578152626e-05, Y=-0.01426712484143262, PID: KP=1.0, KI=0.009999999776482582, KD=0.10000000149011612
2024-11-28 17:59:33,553 - INFO - Set racecar velocity: Forward=4.6996914502800223e-05, Steering=1.493573398529674
2024-11-28 17:59:33,553 - INFO - Position: (-1.8773884610561768e-05, -0.0002479234574366236, 0.16428663858213657), Errors: X=1.8773884610561768e-05, Y=0.0002479234574366236, Velocities: X=4.6996914502800223e-05, Y=0.014326975014360548, PID: KP=1.0, KI=0.009999999776482582, KD=0.10000000149011612
2024-11-28 17:59:33,652 - INFO - Set racecar velocity: Forward=3.9058043310490866e-05, Steering=-1.509887448141007
2024-11-28 17:59:33,652 - INFO - Position: (-1.9584922486396747e-05, 0.00033324696783367945, 0.1607191940268826), Errors: X=1.9584922486396747e-05, Y=-0.00033324696783367945, Velocities: X=3.9058043310490866e-05, Y=-0.014281423264218572, PID: KP=1.0, KI=0.009999999776482582, KD=0.10000000149011612
2024-11-28 17:59:33,751 - INFO - Set racecar velocity: Forward=4.800345634266297e-05, Steering=1.4872896278509395
2024-11-28 17:59:33,751 - INFO - Position: (-2.072130082833057e-05, -0.00025265013194061543, 0.15698253866517503), Errors: X=2.072130082833057e-05, Y=0.00025265013194061543, Velocities: X=4.800345634266297e-05, Y=0.014314105381090543, PID: KP=1.0, KI=0.009999999776482582, KD=0.10000000149011612
2024-11-28 17:59:33,847 - INFO - Set racecar velocity: Forward=4.1055087296468915e-05, Steering=-1.5032934443926702
2024-11-28 17:59:33,847 - INFO - Position: (-2.1534253388944407e-05, 0.00032918663675728495, 0.15307672992708837), Errors: X=2.1534253388944407e-05, Y=-0.00032918663675728495, Velocities: X=4.1055087296468915e-05, Y=-0.014293358364663774, PID: KP=1.0, KI=0.009999999776482582, KD=0.10000000149011612
2024-11-28 17:59:33,972 - INFO - Set racecar velocity: Forward=4.910950878435726e-05, Steering=1.4809434044821361
2024-11-28 17:59:33,972 - INFO - Position: (-2.263682697446205e-05, -0.0002561165353265975, 0.1490018674506277), Errors: X=2.263682697446205e-05, Y=0.0002561165353265975, Velocities: X=4.910950878435726e-05, Y=0.01430331447510673, PID: KP=1.0, KI=0.009999999776482582, KD=0.10000000149011612
2024-11-28 17:59:34,070 - INFO - Set racecar velocity: Forward=4.289191936686686e-05, Steering=-1.4968950591813943
2024-11-28 17:59:34,070 - INFO - Position: (-2.344655496645782e-05, 0.00032625975587245173, 0.14475801368038388), Errors: X=2.344655496645782e-05, Y=-0.00032625975587245173, Velocities: X=4.289191936686686e-05, Y=-0.014303382946633587, PID: KP=1.0, KI=0.009999999776482582, KD=0.10000000149011612
2024-11-28 17:59:34,162 - INFO - Set racecar velocity: Forward=5.02890109368982e-05, Steering=1.4745345846737266
2024-11-28 17:59:34,163 - INFO - Position: (-2.4519736631579475e-05, -0.00025856232368193726, 0.14034527247623582), Errors: X=2.4519736631579475e-05, Y=0.00025856232368193726, Velocities: X=5.02890109368982e-05, Y=0.014294211221855894, PID: KP=1.0, KI=0.009999999776482582, KD=0.10000000149011612
2024-11-28 17:59:34,258 - INFO - Set racecar velocity: Forward=4.459186507000664e-05, Steering=-1.490713956165557
2024-11-28 17:59:34,258 - INFO - Position: (-2.5322062995857834e-05, 0.00032425086662280736, 0.13576371088745473), Errors: X=2.5322062995857834e-05, Y=-0.00032425086662280736, Velocities: X=4.459186507000664e-05, Y=-0.014311862373099442, PID: KP=1.0, KI=0.009999999776482582, KD=0.10000000149011612
2024-11-28 17:59:34,352 - INFO - Set racecar velocity: Forward=5.152090538391827e-05, Steering=1.468066920426161
2024-11-28 17:59:34,352 - INFO - Position: (-2.6369413965594125e-05, -0.0002601816199572374, 0.13101343732335696), Errors: X=2.6369413965594125e-05, Y=0.0002601816199572374, Velocities: X=5.152090538391827e-05, Y=0.014286477617055723, PID: KP=1.0, KI=0.009999999776482582, KD=0.10000000149011612
2024-11-28 17:59:34,445 - INFO - Set racecar velocity: Forward=4.6173869040664836e-05, Steering=-1.4847623006908375
2024-11-28 17:59:34,445 - INFO - Position: (-2.7160944178231087e-05, 0.00032298540893965853, 0.12609452310128577), Errors: X=2.7160944178231087e-05, Y=-0.00032298540893965853, Velocities: X=4.6173869040664836e-05, Y=-0.014319091658578949, PID: KP=1.0, KI=0.009999999776482582, KD=0.10000000149011612
2024-11-28 17:59:34,539 - INFO - Set racecar velocity: Forward=5.278816957027915e-05, Steering=1.4615465421609208
2024-11-28 17:59:34,539 - INFO - Position: (-2.818533822465334e-05, -0.00026113166862505084, 0.12100708144191978), Errors: X=2.818533822465334e-05, Y=0.00026113166862505084, Velocities: X=5.278816957027915e-05, Y=0.014279855272003565, PID: KP=1.0, KI=0.009999999776482582, KD=0.10000000149011612
2024-11-28 17:59:34,635 - INFO - Set racecar velocity: Forward=4.765331007304401e-05, Steering=-1.4790451820248474
2024-11-28 17:59:34,635 - INFO - Position: (-2.8963313860665654e-05, 0.0003223219599398444, 0.1157511876533304), Errors: X=2.8963313860665654e-05, Y=-0.0003223219599398444, Velocities: X=4.765331007304401e-05, Y=-0.01432530915130903, PID: KP=1.0, KI=0.009999999776482582, KD=0.10000000149011612
2024-11-28 17:59:34,728 - INFO - Set racecar velocity: Forward=5.407703717675477e-05, Steering=1.4549809681474115
2024-11-28 17:59:34,728 - INFO - Position: (-2.99670696070412e-05, -0.00026153984476661097, 0.11032695997580431), Errors: X=2.99670696070412e-05, Y=0.00026153984476661097, Velocities: X=5.407703717675477e-05, Y=0.014274134366867659, PID: KP=1.0, KI=0.009999999776482582, KD=0.10000000149011612
2024-11-28 17:59:34,853 - INFO - Set racecar velocity: Forward=4.904266733611654e-05, Steering=-1.4735626370587473
2024-11-28 17:59:34,853 - INFO - Position: (-3.072924911797792e-05, 0.000322145944099444, 0.10473447747872168), Errors: X=3.072924911797792e-05, Y=-0.000322145944099444, Velocities: X=4.904266733611654e-05, Y=-0.014330707508033572, PID: KP=1.0, KI=0.009999999776482582, KD=0.10000000149011612
2024-11-28 17:59:34,950 - INFO - Set racecar velocity: Forward=5.5376371598022975e-05, Steering=1.4483784413310277
2024-11-28 17:59:34,950 - INFO - Position: (-3.1714236758706046e-05, -0.0002615093306032632, 0.09897386358634772), Errors: X=3.1714236758706046e-05, Y=0.0002615093306032632, Velocities: X=5.5376371598022975e-05, Y=0.01426914460601499, PID: KP=1.0, KI=0.009999999776482582, KD=0.10000000149011612
2024-11-28 17:59:35,047 - INFO - Set racecar velocity: Forward=5.035206405908599e-05, Steering=-1.4683112614589555
2024-11-28 17:59:35,047 - INFO - Position: (-3.24587984976906e-05, 0.00032236453644101894, 0.09304520093867182), Errors: X=3.24587984976906e-05, Y=-0.00032236453644101894, Velocities: X=5.035206405908599e-05, Y=-0.014335442512353379, PID: KP=1.0, KI=0.009999999776482582, KD=0.10000000149011612
2024-11-28 17:59:35,141 - INFO - Set racecar velocity: Forward=5.66771613208479e-05, Steering=1.4417474794621181
2024-11-28 17:59:35,141 - INFO - Position: (-3.3426525943518515e-05, -0.00026112371292792626, 0.08694861827244894), Errors: X=3.3426525943518515e-05, Y=0.00026112371292792626, Velocities: X=5.66771613208479e-05, Y=0.01426474782856871, PID: KP=1.0, KI=0.009999999776482582, KD=0.10000000149011612
2024-11-28 17:59:35,236 - INFO - Set racecar velocity: Forward=5.1589710624118317e-05, Steering=-1.463285442654607
2024-11-28 17:59:35,236 - INFO - Position: (-3.415198934712877e-05, 0.00032290253277241664, 0.08068420163883015), Errors: X=3.415198934712877e-05, Y=-0.00032290253277241664, Velocities: X=5.1589710624118317e-05, Y=-0.014339640170602169, PID: KP=1.0, KI=0.009999999776482582, KD=0.10000000149011612
2024-11-28 17:59:35,331 - INFO - Set racecar velocity: Forward=5.79721131148476e-05, Steering=1.4350965697179783
2024-11-28 17:59:35,332 - INFO - Position: (-3.510367180486933e-05, -0.00026045070665902656, 0.07425208518625392), Errors: X=3.510367180486933e-05, Y=0.00026045070665902656, Velocities: X=5.79721131148476e-05, Y=0.014260831981592115, PID: KP=1.0, KI=0.009999999776482582, KD=0.10000000149011612
2024-11-28 17:59:35,428 - INFO - Set racecar velocity: Forward=5.276226526567033e-05, Steering=-1.4584782710302953
2024-11-28 17:59:35,428 - INFO - Position: (-3.5808833372472065e-05, 0.00032369900369321494, 0.06765235824278039), Errors: X=3.5808833372472065e-05, Y=-0.00032369900369321494, Velocities: X=5.276226526567033e-05, Y=-0.014343402428558336, PID: KP=1.0, KI=0.009999999776482582, KD=0.10000000149011612
2024-11-28 17:59:35,526 - INFO - Set racecar velocity: Forward=5.925532380681627e-05, Steering=1.428433964213505
2024-11-28 17:59:35,526 - INFO - Position: (-3.6745449573290957e-05, -0.0002595451706874385, 0.06088516044373934), Errors: X=3.6745449573290957e-05, Y=0.0002595451706874385, Velocities: X=5.925532380681627e-05, Y=0.014257306211286253, PID: KP=1.0, KI=0.009999999776482582, KD=0.10000000149011612
2024-11-28 17:59:35,626 - INFO - Set racecar velocity: Forward=5.387512741626746e-05, Steering=-1.4538821910825428
2024-11-28 17:59:35,626 - INFO - Position: (-3.7429330891853783e-05, 0.0003247045837482645, 0.0539505842801315), Errors: X=3.7429330891853783e-05, Y=-0.0003247045837482645, Velocities: X=5.387512741626746e-05, Y=-0.014346811781627722, PID: KP=1.0, KI=0.009999999776482582, KD=0.10000000149011612
2024-11-28 17:59:35,721 - INFO - Set racecar velocity: Forward=6.052201526673667e-05, Steering=1.4217675474645743
2024-11-28 17:59:35,721 - INFO - Position: (-3.835166854883557e-05, -0.00025845155057069763, 0.04684877492974068), Errors: X=3.835166854883557e-05, Y=0.00025845155057069763, Velocities: X=6.052201526673667e-05, Y=0.014254096869114448, PID: KP=1.0, KI=0.009999999776482582, KD=0.10000000149011612
2024-11-28 17:59:35,818 - INFO - Set racecar velocity: Forward=5.493267608570212e-05, Steering=-1.4494894505151141
2024-11-28 17:59:35,818 - INFO - Position: (-3.901347411356824e-05, 0.0003258792752434019, 0.03957982794884299), Errors: X=3.901347411356824e-05, Y=-0.0003258792752434019, Velocities: X=5.493267608570212e-05, Y=-0.014349934995721838, PID: KP=1.0, KI=0.009999999776482582, KD=0.10000000149011612
2024-11-28 17:59:35,910 - INFO - Set racecar velocity: Forward=6.176832029823522e-05, Steering=1.4151047558003909
2024-11-28 17:59:35,910 - INFO - Position: (-3.992216668373819e-05, -0.0002572058570324221, 0.03214389409712586), Errors: X=3.992216668373819e-05, Y=0.0002572058570324221, Velocities: X=6.176832029823522e-05, Y=0.014251144265123104, PID: KP=1.0, KI=0.009999999776482582, KD=0.10000000149011612
2024-11-28 17:59:36,018 - INFO - Set racecar velocity: Forward=5.5938463445580833e-05, Steering=-1.4452923972601264
2024-11-28 17:59:36,018 - INFO - Position: (-4.056124967877068e-05, 0.00032719066906488476, 0.024541071911552897), Errors: X=4.056124967877068e-05, Y=-0.00032719066906488476, Velocities: X=5.5938463445580833e-05, Y=-0.01435282611239756, PID: KP=1.0, KI=0.009999999776482582, KD=0.10000000149011612
2024-11-28 17:59:36,111 - INFO - Set racecar velocity: Forward=6.299110956404494e-05, Steering=1.40845253441768
2024-11-28 17:59:36,112 - INFO - Position: (-4.145680610039626e-05, -0.000255837268501638, 0.01677151775992413), Errors: X=4.145680610039626e-05, Y=0.000255837268501638, Velocities: X=6.299110956404494e-05, Y=0.014248400030490344, PID: KP=1.0, KI=0.009999999776482582, KD=0.10000000149011612
2024-11-28 17:59:36,206 - INFO - Set racecar velocity: Forward=5.689537195186544e-05, Steering=-1.4412836652161152
2024-11-28 17:59:36,206 - INFO - Position: (-4.2072640643604924e-05, 0.00032861250335666575, 0.008835333085766712), Errors: X=4.2072640643604924e-05, Y=-0.00032861250335666575, Velocities: X=5.689537195186544e-05, Y=-0.014355528877273696, PID: KP=1.0, KI=0.009999999776482582, KD=0.10000000149011612
2024-11-28 17:59:36,304 - INFO - Set racecar velocity: Forward=6.418785161966295e-05, Steering=1.4018173215742336
2024-11-28 17:59:36,304 - INFO - Position: (-4.2955469395530364e-05, -0.0002543694291477407, 0.000732679880297078), Errors: X=4.2955469395530364e-05, Y=0.0002543694291477407, Velocities: X=6.418785161966295e-05, Y=0.014245824976167845, PID: KP=1.0, KI=0.009999999776482582, KD=0.10000000149011612
2024-11-28 17:59:36,402 - INFO - Set racecar velocity: Forward=0.0027914957636217073, Steering=1.02818618715393
2024-11-28 17:59:36,402 - INFO - Position: (-0.0001528950450923218, -0.00025454454466575916, 0.0007532549945811884), Errors: X=0.0001528950450923218, Y=0.00025454454466575916, Velocities: X=0.0027914957636217073, Y=0.0002586468816070511, PID: KP=1.0, KI=0.009999999776482582, KD=0.10000000149011612
2024-11-28 17:59:36,496 - INFO - Set racecar velocity: Forward=0.0012554125245340172, Steering=0.9110678773780865
2024-11-28 17:59:36,496 - INFO - Position: (-0.00019699338081730647, -0.0002548414830714186, 0.0007721467156332968), Errors: X=0.00019699338081730647, Y=0.0002548414830714186, Velocities: X=0.0012554125245340172, Y=0.0002618781877545514, PID: KP=1.0, KI=0.009999999776482582, KD=0.10000000149011612
2024-11-28 17:59:36,592 - INFO - Set racecar velocity: Forward=0.0009888074810477931, Steering=0.8372785171465171
2024-11-28 17:59:36,592 - INFO - Position: (-0.00022866320044630857, -0.0002544066647740262, 0.000827253101889312), Errors: X=0.00022866320044630857, Y=0.0002544066647740262, Velocities: X=0.0009888074810477931, Y=0.00024389180859967996, PID: KP=1.0, KI=0.009999999776482582, KD=0.10000000149011612
2024-11-28 17:59:36,686 - INFO - Set racecar velocity: Forward=0.0002251447716559661, Steering=0.838255473733244
2024-11-28 17:59:36,686 - INFO - Position: (-0.00022851933850402022, -0.0002547341961760883, 0.0008402357739721355), Errors: X=0.00022851933850402022, Y=0.0002547341961760883, Velocities: X=0.0002251447716559661, Y=0.00026252634698589153, PID: KP=1.0, KI=0.009999999776482582, KD=0.10000000149011612
2024-11-28 17:59:36,780 - INFO - Set racecar velocity: Forward=0.0002194092941169809, Steering=0.8393822940226074
2024-11-28 17:59:36,780 - INFO - Position: (-0.00022815143168869134, -0.0002548900398038556, 0.0008521768543635833), Errors: X=0.00022815143168869134, Y=0.0002548900398038556, Velocities: X=0.0002194092941169809, Y=0.0002585723043872711, PID: KP=1.0, KI=0.009999999776482582, KD=0.10000000149011612
2024-11-28 17:59:36,875 - INFO - Set racecar velocity: Forward=0.0002228271998512077, Steering=0.8401844037724561
2024-11-28 17:59:36,875 - INFO - Position: (-0.00022793457748222987, -0.00025504915738480135, 0.0008631624418972371), Errors: X=0.00022793457748222987, Y=0.00025504915738480135, Velocities: X=0.0002228271998512077, Y=0.0002588206238936571, PID: KP=1.0, KI=0.009999999776482582, KD=0.10000000149011612
2024-11-28 17:59:36,969 - INFO - Set racecar velocity: Forward=0.00021305629673784403, Steering=0.8417449937583494
2024-11-28 17:59:36,970 - INFO - Position: (-0.00022733518243300236, -0.00025517014570121404, 0.0008732718646557195), Errors: X=0.00022733518243300236, Y=0.00025517014570121404, Velocities: X=0.00021305629673784403, Y=0.000258037141936807, PID: KP=1.0, KI=0.009999999776482582, KD=0.10000000149011612
2024-11-28 17:59:37,064 - INFO - Set racecar velocity: Forward=0.00021510818136671338, Steering=0.8430941684055426
2024-11-28 17:59:37,064 - INFO - Position: (-0.00022684146050029467, -0.0002553008622789265, 0.0008825706465016579), Errors: X=0.00022684146050029467, Y=0.0002553008622789265, Velocities: X=0.00021510818136671338, Y=0.0002584119743248835, PID: KP=1.0, KI=0.009999999776482582, KD=0.10000000149011612
2024-11-28 17:59:37,158 - INFO - Set racecar velocity: Forward=0.0002144216270736956, Steering=0.8444391568030097
2024-11-28 17:59:37,158 - INFO - Position: (-0.000226339648040552, -0.00025542025740403165, 0.0008911265080641305), Errors: X=0.000226339648040552, Y=0.00025542025740403165, Velocities: X=0.0002144216270736956, Y=0.0002582702970938512, PID: KP=1.0, KI=0.009999999776482582, KD=0.10000000149011612
2024-11-28 17:59:37,252 - INFO - Set racecar velocity: Forward=0.00021333757065231535, Steering=0.8458193733812567
2024-11-28 17:59:37,252 - INFO - Position: (-0.0002258141694657417, -0.0002555308124570171, 0.0008989984752378816), Errors: X=0.0002258141694657417, Y=0.0002555308124570171, Velocities: X=0.00021333757065231535, Y=0.00025817933752975044, PID: KP=1.0, KI=0.009999999776482582, KD=0.10000000149011612
2024-11-28 17:59:37,346 - INFO - Set racecar velocity: Forward=0.00021239996402559226, Steering=0.8472221565750033
2024-11-28 17:59:37,346 - INFO - Position: (-0.00022527183031605393, -0.00025563344475023627, 0.0009062412018660022), Errors: X=0.00022527183031605393, Y=0.00025563344475023627, Velocities: X=0.00021239996402559226, Y=0.00025810247497903876, PID: KP=1.0, KI=0.009999999776482582, KD=0.10000000149011612
2024-11-28 17:59:37,440 - INFO - Set racecar velocity: Forward=0.00021167305408047263, Steering=0.8486292008751115
2024-11-28 17:59:37,440 - INFO - Position: (-0.00022472173379844523, -0.0002557288512998288, 0.0009129050286781946), Errors: X=0.00022472173379844523, Y=0.0002557288512998288, Velocities: X=0.00021167305408047263, Y=0.00025803511904757366, PID: KP=1.0, KI=0.009999999776482582, KD=0.10000000149011612
2024-11-28 17:59:37,564 - INFO - Set racecar velocity: Forward=0.00021113372426159933, Steering=0.8500245455115002
2024-11-28 17:59:37,564 - INFO - Position: (-0.00022417169432930293, -0.0002558175677304465, 0.000919036291985742), Errors: X=0.00022417169432930293, Y=0.0002558175677304465, Velocities: X=0.00021113372426159933, Y=0.00025797393168548716, PID: KP=1.0, KI=0.009999999776482582, KD=0.10000000149011612
2024-11-28 17:59:37,661 - INFO - Set racecar velocity: Forward=0.00021075332728843856, Steering=0.8513950986503569
2024-11-28 17:59:37,661 - INFO - Position: (-0.00022362806784647008, -0.0002559000288292561, 0.0009246776334218236), Errors: X=0.00022362806784647008, Y=0.0002559000288292561, Velocities: X=0.00021075332728843856, Y=0.0002579169273196271, PID: KP=1.0, KI=0.009999999776482582, KD=0.10000000149011612
2024-11-28 17:59:37,757 - INFO - Set racecar velocity: Forward=0.00021050237467555878, Steering=0.8527307270191777
2024-11-28 17:59:37,757 - INFO - Position: (-0.00022309577649198736, -0.0002559766234263233, 0.0009298682867828009), Errors: X=0.00022309577649198736, Y=0.0002559766234263233, Velocities: X=0.00021050237467555878, Y=0.00025786339156518435, PID: KP=1.0, KI=0.009999999776482582, KD=0.10000000149011612
2024-11-28 17:59:37,852 - INFO - Set racecar velocity: Forward=0.00021035672586825206, Steering=0.8540237141297244
2024-11-28 17:59:37,852 - INFO - Position: (-0.00022257857987488424, -0.00025604770613636387, 0.0009346443465832284), Errors: X=0.00022257857987488424, Y=0.00025604770613636387, Velocities: X=0.00021035672586825206, Y=0.00025781285763879777, PID: KP=1.0, KI=0.009999999776482582, KD=0.10000000149011612
2024-11-28 17:59:37,951 - INFO - Set racecar velocity: Forward=0.00021029395774596182, Steering=0.8552685493608133
2024-11-28 17:59:37,951 - INFO - Position: (-0.0002220791902653434, -0.0002561136043169004, 0.0009390390161449932), Errors: X=0.0002220791902653434, Y=0.0002561136043169004, Velocities: X=0.00021029395774596182, Y=0.000257764998509324, PID: KP=1.0, KI=0.009999999776482582, KD=0.10000000149011612
2024-11-28 17:59:38,049 - INFO - Set racecar velocity: Forward=0.0002102971962446455, Steering=0.8564613741476504
2024-11-28 17:59:38,049 - INFO - Position: (-0.00022159953644729674, -0.00025617462155453903, 0.000943082836759591), Errors: X=0.00022159953644729674, Y=0.00025617462155453903, Velocities: X=0.0002102971962446455, Y=0.00025771954705799494, PID: KP=1.0, KI=0.009999999776482582, KD=0.10000000149011612
2024-11-28 17:59:38,143 - INFO - Set racecar velocity: Forward=0.00021035159807522165, Steering=0.8575997877870033
2024-11-28 17:59:38,143 - INFO - Position: (-0.00022114087628677577, -0.0002562310565734816, 0.0009468038977456105), Errors: X=0.00022114087628677577, Y=0.0002562310565734816, Velocities: X=0.00021035159807522165, Y=0.00025767668512037865, PID: KP=1.0, KI=0.009999999776482582, KD=0.10000000149011612
2024-11-28 17:59:38,237 - INFO - Set racecar velocity: Forward=0.0002104452394855649, Steering=0.8586825242866017
2024-11-28 17:59:38,237 - INFO - Position: (-0.00022070394034888623, -0.00025628319356759945, 0.000950228033053035), Errors: X=0.00022070394034888623, Y=0.00025628319356759945, Velocities: X=0.0002104452394855649, Y=0.00025763634798332477, PID: KP=1.0, KI=0.009999999776482582, KD=0.10000000149011612
2024-11-28 17:59:38,330 - INFO - Set racecar velocity: Forward=0.000210567866765213, Steering=0.8597092667930343
2024-11-28 17:59:38,330 - INFO - Position: (-0.00022028901979102516, -0.0002563313015987996, 0.0009533790019129642), Errors: X=0.00022028901979102516, Y=0.0002563313015987996, Velocities: X=0.000210567866765213, Y=0.0002575984413737209, PID: KP=1.0, KI=0.009999999776482582, KD=0.10000000149011612
2024-11-28 17:59:38,423 - INFO - Set racecar velocity: Forward=0.0002107116933177864, Steering=0.8606803971229802
2024-11-28 17:59:38,423 - INFO - Position: (-0.00021989608262380414, -0.0002563756351311293, 0.0009562786549869438), Errors: X=0.00021989608262380414, Y=0.0002563756351311293, Velocities: X=0.0002107116933177864, Y=0.0002575628692497025, PID: KP=1.0, KI=0.009999999776482582, KD=0.10000000149011612
2024-11-28 17:59:38,517 - INFO - Set racecar velocity: Forward=0.0002108709202028915, Steering=0.8615967495328195
2024-11-28 17:59:38,517 - INFO - Position: (-0.00021952486614359673, -0.0002564164107087738, 0.0009589470896101137), Errors: X=0.00021952486614359673, Y=0.0002564164107087738, Velocities: X=0.0002108709202028915, Y=0.00025752893793050353, PID: KP=1.0, KI=0.009999999776482582, KD=0.10000000149011612
2024-11-28 17:59:38,614 - INFO - Set racecar velocity: Forward=0.00021104313373973723, Steering=0.8624593703697645
2024-11-28 17:59:38,614 - INFO - Position: (-0.00021917502157207125, -0.0002564538493732982, 0.0009614027854729251), Errors: X=0.00021917502157207125, Y=0.0002564538493732982, Velocities: X=0.00021104313373973723, Y=0.0002574969762557701, PID: KP=1.0, KI=0.009999999776482582, KD=0.10000000149011612
2024-11-28 17:59:38,712 - INFO - Set racecar velocity: Forward=0.00021122732638609567, Steering=0.8632693415202769
2024-11-28 17:59:38,712 - INFO - Position: (-0.00021884617374534602, -0.00025648815423703707, 0.0009636627358450241), Errors: X=0.00021884617374534602, Y=0.00025648815423703707, Velocities: X=0.00021122732638609567, Y=0.00025746675690572275, PID: KP=1.0, KI=0.009999999776482582, KD=0.10000000149011612
2024-11-28 17:59:38,808 - INFO - Set racecar velocity: Forward=0.00021142691179332446, Steering=0.864027362319051
2024-11-28 17:59:38,808 - INFO - Position: (-0.0002185380990175249, -0.0002565195021593595, 0.0009657425636996288), Errors: X=0.0002185380990175249, Y=0.0002565195021593595, Velocities: X=0.00021142691179332446, Y=0.00025743782654534417, PID: KP=1.0, KI=0.009999999776482582, KD=0.10000000149011612
2024-11-28 17:59:38,905 - INFO - Set racecar velocity: Forward=0.00021165159987094755, Steering=0.8647331562254355
2024-11-28 17:59:38,905 - INFO - Position: (-0.0002182509710500116, -0.0002565480258915935, 0.0009676566237242552), Errors: X=0.0002182509710500116, Y=0.0002565480258915935, Velocities: X=0.00021165159987094755, Y=0.0002574092592152868, PID: KP=1.0, KI=0.009999999776482582, KD=0.10000000149011612
2024-11-28 17:59:39,000 - INFO - Set racecar velocity: Forward=0.00021192996450945497, Steering=0.8653836811803626
2024-11-28 17:59:39,000 - INFO - Position: (-0.0002179860994762631, -0.00025657375672620374, 0.0009694180950370992), Errors: X=0.0002179860994762631, Y=0.00025657375672620374, Velocities: X=0.00021192996450945497, Y=0.0002573786510788854, PID: KP=1.0, KI=0.009999999776482582, KD=0.10000000149011612
2024-11-28 17:59:39,097 - INFO - Set racecar velocity: Forward=0.0002123041436579825, Steering=0.8659424756169625
2024-11-28 17:59:39,098 - INFO - Position: (-0.00021774642702034156, -0.0002565812448720724, 0.0009710381888170084), Errors: X=0.00021774642702034156, Y=0.0002565812448720724, Velocities: X=0.0002123041436579825, Y=0.00025695900557339647, PID: KP=1.0, KI=0.009999999776482582, KD=0.10000000149011612
2024-11-28 17:59:39,192 - INFO - Set racecar velocity: Forward=0.0002124181549271278, Steering=0.8664690318453616
2024-11-28 17:59:39,192 - INFO - Position: (-0.0002175205393790013, -0.00025658804845271534, 0.0009725293363093018), Errors: X=0.0002175205393790013, Y=0.00025658804845271534, Velocities: X=0.0002124181549271278, Y=0.00025696007075682334, PID: KP=1.0, KI=0.009999999776482582, KD=0.10000000149011612
2024-11-28 17:59:39,287 - INFO - Set racecar velocity: Forward=0.00021252669940745146, Steering=0.8669651521487796
2024-11-28 17:59:39,287 - INFO - Position: (-0.0002173076668429048, -0.0002565942300848239, 0.0009739018131195506), Errors: X=0.0002173076668429048, Y=0.0002565942300848239, Velocities: X=0.00021252669940745146, Y=0.00025696201704989856, PID: KP=1.0, KI=0.009999999776482582, KD=0.10000000149011612
2024-11-28 17:59:39,380 - INFO - Set racecar velocity: Forward=0.00021262745886545253, Steering=0.8674327754681486
2024-11-28 17:59:39,380 - INFO - Position: (-0.00021710697774144307, -0.00025659984588576615, 0.0009751650740502274), Errors: X=0.00021710697774144307, Y=0.00025659984588576615, Velocities: X=0.00021262745886545253, Y=0.0002569647445626544, PID: KP=1.0, KI=0.009999999776482582, KD=0.10000000149011612
2024-11-28 17:59:39,473 - INFO - Set racecar velocity: Forward=0.00021272005228816144, Steering=0.867873797874408
2024-11-28 17:59:39,474 - INFO - Position: (-0.00021691765841136293, -0.0002566049466292605, 0.0009763278185440459), Errors: X=0.00021691765841136293, Y=0.0002566049466292605, Velocities: X=0.00021272005228816144, Y=0.00025696817579975176, PID: KP=1.0, KI=0.009999999776482582, KD=0.10000000149011612
2024-11-28 17:59:39,573 - INFO - Set racecar velocity: Forward=0.00021280430722699534, Steering=0.8682900554851558
2024-11-28 17:59:39,573 - INFO - Position: (-0.00021673892082036135, -0.0002566095783010004, 0.0009773980513790182), Errors: X=0.00021673892082036135, Y=0.0002566095783010004, Velocities: X=0.00021280430722699534, Y=0.00025697224181474, PID: KP=1.0, KI=0.009999999776482582, KD=0.10000000149011612
2024-11-28 17:59:39,668 - INFO - Set racecar velocity: Forward=0.0002128802178281493, Steering=0.8686833117655234
2024-11-28 17:59:39,668 - INFO - Position: (-0.00021657000820689984, -0.00025661378258998754, 0.000978383138436908), Errors: X=0.00021657000820689984, Y=0.00025661378258998754, Velocities: X=0.0002128802178281493, Y=0.00025697688115821124, PID: KP=1.0, KI=0.009999999776482582, KD=0.10000000149011612
2024-11-28 17:59:39,761 - INFO - Set racecar velocity: Forward=0.00021294790524250772, Steering=0.8690552488592105
2024-11-28 17:59:39,761 - INFO - Position: (-0.0002164101989107641, -0.0002566175973223809, 0.0009792898579517935), Errors: X=0.0002164101989107641, Y=0.0002566175973223809, Velocities: X=0.00021294790524250772, Y=0.0002569820389318636, PID: KP=1.0, KI=0.009999999776482582, KD=0.10000000149011612
2024-11-28 17:59:39,859 - INFO - Set racecar velocity: Forward=0.00021300758548873313, Steering=0.8694074621435701
2024-11-28 17:59:39,859 - INFO - Position: (-0.0002162588087648625, -0.00025662105684611593, 0.0009801244476095416), Errors: X=0.0002162588087648625, Y=0.00025662105684611593, Velocities: X=0.00021300758548873313, Y=0.00025698766599146795, PID: KP=1.0, KI=0.009999999776482582, KD=0.10000000149011612
2024-11-28 17:59:39,960 - INFO - Set racecar velocity: Forward=0.00021305954590725645, Steering=0.8697414571215547
2024-11-28 17:59:39,960 - INFO - Position: (-0.00021611519244944732, -0.0002566241923734249, 0.00098089264783767), Errors: X=0.00021611519244944732, Y=0.0002566241923734249, Velocities: X=0.00021305954590725645, Y=0.00025699371827887926, PID: KP=1.0, KI=0.009999999776482582, KD=0.10000000149011612
2024-11-28 17:59:40,059 - INFO - Set racecar velocity: Forward=0.0002131041173471582, Steering=0.8700586489553077
2024-11-28 17:59:40,059 - INFO - Position: (-0.00021597874367957753, -0.0002566270322835589, 0.0009815997416013581), Errors: X=0.00021597874367957753, Y=0.0002566270322835589, Velocities: X=0.0002131041173471582, Y=0.00025700015616948036, PID: KP=1.0, KI=0.009999999776482582, KD=0.10000000149011612
2024-11-28 17:59:40,155 - INFO - Set racecar velocity: Forward=0.00021314166407742044, Steering=0.8703603629418264
2024-11-28 17:59:40,155 - INFO - Position: (-0.00021584889498146834, -0.0002566296023953425, 0.0009822505909868379), Errors: X=0.00021584889498146834, Y=0.0002566296023953425, Velocities: X=0.00021314166407742044, Y=0.0002570069440206191, PID: KP=1.0, KI=0.009999999776482582, KD=0.10000000149011612
2024-11-28 17:59:40,249 - INFO - Set racecar velocity: Forward=0.0002131725689835878, Steering=0.8706478363222218
2024-11-28 17:59:40,250 - INFO - Position: (-0.00021572511688558994, -0.00025663192621038037, 0.0009828496708378053), Errors: X=0.00021572511688558994, Y=0.00025663192621038037, Velocities: X=0.0002131725689835878, Y=0.0002570140497103573, PID: KP=1.0, KI=0.009999999776482582, KD=0.10000000149011612
2024-11-28 17:59:40,345 - INFO - Set racecar velocity: Forward=0.00021319722311217515, Steering=0.870922220980716
2024-11-28 17:59:40,345 - INFO - Position: (-0.00021560691673375718, -0.00025663402513110336, 0.0009834010996852523), Errors: X=0.00021560691673375718, Y=0.00025663402513110336, Velocities: X=0.00021319722311217515, Y=0.00025702144425158454, PID: KP=1.0, KI=0.009999999776482582, KD=0.10000000149011612
2024-11-28 17:59:40,438 - INFO - Set racecar velocity: Forward=0.00021321601776523442, Steering=0.8711845867673906
2024-11-28 17:59:40,438 - INFO - Position: (-0.00021549383721765952, -0.00025663591865658967, 0.0009839086681907039), Errors: X=0.00021549383721765952, Y=0.00025663591865658967, Velocities: X=0.00021321601776523442, Y=0.0002570291014543554, PID: KP=1.0, KI=0.009999999776482582, KD=0.10000000149011612
2024-11-28 17:59:40,532 - INFO - Set racecar velocity: Forward=0.00021322933849424544, Steering=0.8714359252473938
2024-11-28 17:59:40,532 - INFO - Position: (-0.00021538545473554914, -0.000256637624558747, 0.000984375865305774), Errors: X=0.00021538545473554914, Y=0.000256637624558747, Velocities: X=0.00021322933849424544, Y=0.0002570369976306677, PID: KP=1.0, KI=0.009999999776482582, KD=0.10000000149011612
2024-11-28 17:59:40,628 - INFO - Set racecar velocity: Forward=0.00021323756062971062, Steering=0.871677153719268
2024-11-28 17:59:40,629 - INFO - Position: (-0.00021528137763579216, -0.00025663915904099155, 0.000984805902333414), Errors: X=0.00021528137763579216, Y=0.00025663915904099155, Velocities: X=0.00021323756062971062, Y=0.0002570451113329988, PID: KP=1.0, KI=0.009999999776482582, KD=0.10000000149011612
2024-11-28 17:59:40,723 - INFO - Set racecar velocity: Forward=0.0002132410460473674, Steering=0.871909119378349
2024-11-28 17:59:40,723 - INFO - Position: (-0.000215181244401276, -0.00025664053688142455, 0.0009852017350607464), Errors: X=0.000215181244401276, Y=0.00025664053688142455, Velocities: X=0.0002132410460473674, Y=0.00025705342312536285, PID: KP=1.0, KI=0.009999999776482582, KD=0.10000000149011612
2024-11-28 17:59:40,816 - INFO - Set racecar velocity: Forward=0.00021324014092152807, Steering=0.8721326035284452
2024-11-28 17:59:40,816 - INFO - Position: (-0.0002150847218165269, -0.0002566417715621884, 0.0009855660841198697), Errors: X=0.0002150847218165269, Y=0.0002566417715621884, Velocities: X=0.00021324014092152807, Y=0.0002570619153809246, PID: KP=1.0, KI=0.009999999776482582, KD=0.10000000149011612
2024-11-28 17:59:40,909 - INFO - Set racecar velocity: Forward=0.00021323517426341865, Steering=0.8723483257670276
2024-11-28 17:59:40,909 - INFO - Position: (-0.00021499150314963222, -0.000256642875386413, 0.000985901453719907), Errors: X=0.00021499150314963222, Y=0.000256642875386413, Velocities: X=0.00021323517426341865, Y=0.0002570705721010637, PID: KP=1.0, KI=0.009999999776482582, KD=0.10000000149011612
2024-11-28 17:59:41,071 - INFO - Set racecar velocity: Forward=0.0002132264570757643, Steering=0.8725569480876306
2024-11-28 17:59:41,072 - INFO - Position: (-0.00021490130637302798, -0.0002566438595840602, 0.0009862101488816166), Errors: X=0.00021490130637302798, Y=0.0002566438595840602, Velocities: X=0.0002132264570757643, Y=0.00025707937875472047, PID: KP=1.0, KI=0.009999999776482582, KD=0.10000000149011612
2024-11-28 17:59:41,165 - INFO - Set racecar velocity: Forward=0.0002131288719151222, Steering=0.8727668479149422
2024-11-28 17:59:41,165 - INFO - Position: (-0.00021481045604365283, -0.00025664470734575564, 0.0009864943275121171), Errors: X=0.00021481045604365283, Y=0.00025664470734575564, Velocities: X=0.0002131288719151222, Y=0.00025708764558275807, PID: KP=1.0, KI=0.009999999776482582, KD=0.10000000149011612
2024-11-28 17:59:41,259 - INFO - Set racecar velocity: Forward=0.00021292840721240288, Steering=0.8729873560970272
2024-11-28 17:59:41,259 - INFO - Position: (-0.0002147148632813143, -0.0002566453990280977, 0.000986755960575847), Errors: X=0.0002147148632813143, Y=0.0002566453990280977, Velocities: X=0.00021292840721240288, Y=0.00025709528491861696, PID: KP=1.0, KI=0.009999999776482582, KD=0.10000000149011612
2024-11-28 17:59:41,355 - INFO - Set racecar velocity: Forward=0.0002127291076040226, Steering=0.8732179724428939
2024-11-28 17:59:41,355 - INFO - Position: (-0.00021461476455393228, -0.0002566459485112513, 0.000986996854661352), Errors: X=0.00021461476455393228, Y=0.0002566459485112513, Velocities: X=0.0002127291076040226, Y=0.00025710311520214693, PID: KP=1.0, KI=0.009999999776482582, KD=0.10000000149011612
2024-11-28 17:59:41,452 - INFO - Set racecar velocity: Forward=0.0002125851937796159, Steering=0.8734532764985371
2024-11-28 17:59:41,452 - INFO - Position: (-0.00021451255570178128, -0.0002566463850848482, 0.0009872186534819417), Errors: X=0.00021451255570178128, Y=0.0002566463850848482, Velocities: X=0.0002125851937796159, Y=0.00025711153554548076, PID: KP=1.0, KI=0.009999999776482582, KD=0.10000000149011612
2024-11-28 17:59:41,574 - INFO - Set racecar velocity: Forward=0.0002124178768030213, Steering=0.8736952351816919
2024-11-28 17:59:41,574 - INFO - Position: (-0.00021440738517906094, -0.0002566467120082568, 0.0009874228386678788), Errors: X=0.00021440738517906094, Y=0.0002566467120082568, Velocities: X=0.0002124178768030213, Y=0.0002571199244770925, PID: KP=1.0, KI=0.009999999776482582, KD=0.10000000149011612
2024-11-28 17:59:41,670 - INFO - Set racecar velocity: Forward=0.00021236211680926109, Steering=0.873933434543826
2024-11-28 17:59:41,671 - INFO - Position: (-0.0002143038339044273, -0.0002566469728628324, 0.000987610781982478), Errors: X=0.0002143038339044273, Y=0.0002566469728628324, Velocities: X=0.00021236211680926109, Y=0.00025712929330328355, PID: KP=1.0, KI=0.009999999776482582, KD=0.10000000149011612
2024-11-28 17:59:41,766 - INFO - Set racecar velocity: Forward=0.00021230429109820142, Steering=0.8741682200808838
2024-11-28 17:59:41,766 - INFO - Position: (-0.00021420175464939914, -0.00025664717318698275, 0.000987783776251638), Errors: X=0.00021420175464939914, Y=0.00025664717318698275, Velocities: X=0.00021230429109820142, Y=0.00025713873452918245, PID: KP=1.0, KI=0.009999999776482582, KD=0.10000000149011612
2024-11-28 17:59:41,861 - INFO - Set racecar velocity: Forward=0.00021224476435174417, Steering=0.874399889953332
2024-11-28 17:59:41,861 - INFO - Position: (-0.0002141010206596681, -0.0002566473181039917, 0.000987943011362165), Errors: X=0.0002141010206596681, Y=0.0002566473181039917, Velocities: X=0.00021224476435174417, Y=0.0002571482433127936, PID: KP=1.0, KI=0.009999999776482582, KD=0.10000000149011612
2024-11-28 17:59:41,955 - INFO - Set racecar velocity: Forward=0.0002121836816415749, Steering=0.8746287168433499
2024-11-28 17:59:41,955 - INFO - Position: (-0.00021400151605191652, -0.0002566474122717069, 0.0009880895859761616), Errors: X=0.00021400151605191652, Y=0.0002566474122717069, Velocities: X=0.0002121836816415749, Y=0.0002571578131393792, PID: KP=1.0, KI=0.009999999776482582, KD=0.10000000149011612
2024-11-28 17:59:42,051 - INFO - Set racecar velocity: Forward=0.0002119858971044748, Steering=0.8748673006678982
2024-11-28 17:59:42,051 - INFO - Position: (-0.00021389772375085404, -0.00025664741800263477, 0.0009882245862654004), Errors: X=0.00021389772375085404, Y=0.00025664741800263477, Velocities: X=0.0002119858971044748, Y=0.0002571663900295581, PID: KP=1.0, KI=0.009999999776482582, KD=0.10000000149011612
2024-11-28 17:59:42,144 - INFO - Set racecar velocity: Forward=0.00021191581657638975, Steering=0.8751036102496562
2024-11-28 17:59:42,144 - INFO - Position: (-0.00021379492359583177, -0.0002566473821874335, 0.0009883488502097373), Errors: X=0.00021379492359583177, Y=0.0002566473821874335, Velocities: X=0.00021191581657638975, Y=0.0002571760507479274, PID: KP=1.0, KI=0.009999999776482582, KD=0.10000000149011612
2024-11-28 17:59:42,294 - INFO - Set racecar velocity: Forward=0.00021190084122028847, Steering=0.8753327016718708
2024-11-28 17:59:42,295 - INFO - Position: (-0.00021369528027392868, -0.00025664732325405345, 0.000988463183697921), Errors: X=0.00021369528027392868, Y=0.00025664732325405345, Velocities: X=0.00021190084122028847, Y=0.00025718613061647875, PID: KP=1.0, KI=0.009999999776482582, KD=0.10000000149011612
2024-11-28 17:59:42,402 - INFO - Set racecar velocity: Forward=0.00021183311167054532, Steering=0.8755596892977291
2024-11-28 17:59:42,402 - INFO - Position: (-0.00021359655750864426, -0.00025664722979881023, 0.0009885684266875833), Errors: X=0.00021359655750864426, Y=0.00025664722979881023, Velocities: X=0.00021183311167054532, Y=0.00025719590227084283, PID: KP=1.0, KI=0.009999999776482582, KD=0.10000000149011612
2024-11-28 17:59:42,496 - INFO - Set racecar velocity: Forward=0.00021176446326026457, Steering=0.8757847459689929
2024-11-28 17:59:42,496 - INFO - Position: (-0.00021349868188641935, -0.00025664710473992185, 0.000988665303041692), Errors: X=0.00021349868188641935, Y=0.00025664710473992185, Velocities: X=0.00021176446326026457, Y=0.0002572057123535846, PID: KP=1.0, KI=0.009999999776482582, KD=0.10000000149011612
2024-11-28 17:59:42,592 - INFO - Set racecar velocity: Forward=0.00021169486877865477, Steering=0.8760080399397376
2024-11-28 17:59:42,593 - INFO - Position: (-0.00021340158184051283, -0.00025664695071232865, 0.0009887544790483148), Errors: X=0.00021340158184051283, Y=0.00025664695071232865, Velocities: X=0.00021169486877865477, Y=0.00025721555669977263, PID: KP=1.0, KI=0.009999999776482582, KD=0.10000000149011612
2024-11-28 17:59:42,688 - INFO - Set racecar velocity: Forward=0.0002116243902568285, Steering=0.8762297269210164
2024-11-28 17:59:42,688 - INFO - Position: (-0.0002133051911469154, -0.0002566467701197224, 0.0009888365679651618), Errors: X=0.0002133051911469154, Y=0.0002566467701197224, Velocities: X=0.0002116243902568285, Y=0.00025722543216202636, PID: KP=1.0, KI=0.009999999776482582, KD=0.10000000149011612
2024-11-28 17:59:42,783 - INFO - Set racecar velocity: Forward=0.0002115530950235574, Steering=0.8764499501092153
2024-11-28 17:59:42,783 - INFO - Position: (-0.00021320944892264817, -0.00025664656515852325, 0.000988912134233707), Errors: X=0.00021320944892264817, Y=0.00025664656515852325, Velocities: X=0.0002115530950235574, Y=0.00025723533596123103, PID: KP=1.0, KI=0.009999999776482582, KD=0.10000000149011612
2024-11-28 17:59:42,878 - INFO - Set racecar velocity: Forward=0.0002114810544322618, Steering=0.8766688403272278
2024-11-28 17:59:42,879 - INFO - Position: (-0.00021311429957319997, -0.0002566463378394036, 0.0009889816973593887), Errors: X=0.00021311429957319997, Y=0.0002566463378394036, Velocities: X=0.0002114810544322618, Y=0.00025724526564918296, PID: KP=1.0, KI=0.009999999776482582, KD=0.10000000149011612
2024-11-28 17:59:42,973 - INFO - Set racecar velocity: Forward=0.00021153436051740777, Steering=0.8768749736324551
2024-11-28 17:59:42,973 - INFO - Position: (-0.00021302473339984126, -0.00025664612986607614, 0.0009890456949392648), Errors: X=0.00021302473339984126, Y=0.00025664612986607614, Velocities: X=0.00021153436051740777, Y=0.00025725621556337984, PID: KP=1.0, KI=0.009999999776482582, KD=0.10000000149011612
2024-11-28 17:59:43,070 - INFO - Set racecar velocity: Forward=0.00021146682601714807, Steering=0.8770799214995442
2024-11-28 17:59:43,070 - INFO - Position: (-0.00021293569360058425, -0.0002566459020411203, 0.0009891046117709087), Errors: X=0.00021293569360058425, Y=0.0002566459020411203, Velocities: X=0.00021146682601714807, Y=0.0002572662048783487, PID: KP=1.0, KI=0.009999999776482582, KD=0.10000000149011612
2024-11-28 17:59:43,165 - INFO - Set racecar velocity: Forward=0.00021139892980354526, Steering=0.8772837680038881
2024-11-28 17:59:43,165 - INFO - Position: (-0.000212847144799513, -0.0002566456560805638, 0.0009891588522861108), Errors: X=0.000212847144799513, Y=0.0002566456560805638, Velocities: X=0.00021139892980354526, Y=0.00025727621723213416, PID: KP=1.0, KI=0.009999999776482582, KD=0.10000000149011612
2024-11-28 17:59:43,259 - INFO - Set racecar velocity: Forward=0.00021133048917945635, Steering=0.8774866104891396
2024-11-28 17:59:43,259 - INFO - Position: (-0.00021275904572711296, -0.0002566453934878068, 0.0009892087888140842), Errors: X=0.00021275904572711296, Y=0.0002566453934878068, Velocities: X=0.00021133048917945635, Y=0.00025728624902438224, PID: KP=1.0, KI=0.009999999776482582, KD=0.10000000149011612
2024-11-28 17:59:43,353 - INFO - Set racecar velocity: Forward=0.00021126155938536517, Steering=0.877688537251042
2024-11-28 17:59:43,354 - INFO - Position: (-0.00021267135897358236, -0.0002566451156413874, 0.0009892547640507024), Errors: X=0.00021267135897358236, Y=0.0002566451156413874, Velocities: X=0.00021126155938536517, Y=0.00025729629863630645, PID: KP=1.0, KI=0.009999999776482582, KD=0.10000000149011612
2024-11-28 17:59:43,448 - INFO - Set racecar velocity: Forward=0.0002111921894168605, Steering=0.8778896284762856
2024-11-28 17:59:43,448 - INFO - Position: (-0.00021258405058470432, -0.0002566448238049699, 0.0009892970934165385), Errors: X=0.00021258405058470432, Y=0.0002566448238049699, Velocities: X=0.0002111921894168605, Y=0.00025730636457401513, PID: KP=1.0, KI=0.009999999776482582, KD=0.10000000149011612
2024-11-28 17:59:43,546 - INFO - Set racecar velocity: Forward=0.0002111224231765787, Steering=0.8780899570383197
2024-11-28 17:59:43,546 - INFO - Position: (-0.00021249708971995688, -0.0002566445191367022, 0.0009893360672270934), Errors: X=0.00021249708971995688, Y=0.0002566445191367022, Velocities: X=0.0002111224231765787, Y=0.0002573164454627292, PID: KP=1.0, KI=0.009999999776482582, KD=0.10000000149011612
2024-11-28 17:59:43,642 - INFO - Set racecar velocity: Forward=0.0002110523001073832, Steering=0.8782895892032943
2024-11-28 17:59:43,642 - INFO - Position: (-0.00021241044834962095, -0.00025664420269786716, 0.00098937195269029), Errors: X=0.00021241044834962095, Y=0.00025664420269786716, Velocities: X=0.0002110523001073832, Y=0.00025732654003848094, PID: KP=1.0, KI=0.009999999776482582, KD=0.10000000149011612
2024-11-28 17:59:43,744 - INFO - Set racecar velocity: Forward=0.00021098185573999493, Steering=0.8784885852574916
2024-11-28 17:59:43,744 - INFO - Position: (-0.00021232410098590498, -0.00025664387546087315, 0.0009894049957449452), Errors: X=0.00021232410098590498, Y=0.00025664387546087315, Velocities: X=0.00021098185573999493, Y=0.0002573366471402396, PID: KP=1.0, KI=0.009999999776482582, KD=0.10000000149011612
2024-11-28 17:59:43,838 - INFO - Set racecar velocity: Forward=0.0002109111221565737, Steering=0.8786870000670407
2024-11-28 17:59:43,838 - INFO - Position: (-0.0002122380244433641, -0.00025664353831662275, 0.000989435422753069), Errors: X=0.0002122380244433641, Y=0.00025664353831662275, Velocities: X=0.0002109111221565737, Y=0.00025734676570235665, PID: KP=1.0, KI=0.009999999776482582, KD=0.10000000149011612
2024-11-28 17:59:43,933 - INFO - Set racecar velocity: Forward=0.00021084012838515543, Steering=0.8788848835789206
2024-11-28 17:59:43,933 - INFO - Position: (-0.0002121521976246764, -0.0002566431920812994, 0.0009894634420574326), Errors: X=0.0002121521976246764, Y=0.0002566431920812994, Velocities: X=0.00021084012838515543, Y=0.000257356894747377, PID: KP=1.0, KI=0.009999999776482582, KD=0.10000000149011612
2024-11-28 17:59:44,031 - INFO - Set racecar velocity: Forward=0.00021076890072751578, Steering=0.879082281271685
2024-11-28 17:59:44,031 - INFO - Position: (-0.00021206660132809969, -0.00025664283750260705, 0.0009894892454152845), Errors: X=0.00021206660132809969, Y=0.00025664283750260705, Velocities: X=0.00021076890072751578, Y=0.00025736703337914883, PID: KP=1.0, KI=0.009999999776482582, KD=0.10000000149011612
2024-11-28 17:59:44,126 - INFO - Set racecar velocity: Forward=0.00021069772617404083, Steering=0.8792792103948635
2024-11-28 17:59:44,126 - INFO - Position: (-0.00021198122859920408, -0.0002566424753631722, 0.000989513009204815), Errors: X=0.00021198122859920408, Y=0.0002566424753631722, Velocities: X=0.00021069772617404083, Y=0.0002573771832181256, PID: KP=1.0, KI=0.009999999776482582, KD=0.10000000149011612
2024-11-28 17:59:44,225 - INFO - Set racecar velocity: Forward=0.0002106264383934637, Steering=0.8794757027044573
2024-11-28 17:59:44,225 - INFO - Position: (-0.0002118960661081359, -0.00025664210631171953, 0.0009895348958505257), Errors: X=0.0002118960661081359, Y=0.00025664210631171953, Velocities: X=0.0002106264383934637, Y=0.00025738734169910107, PID: KP=1.0, KI=0.009999999776482582, KD=0.10000000149011612
2024-11-28 17:59:44,321 - INFO - Set racecar velocity: Forward=0.00021055496842575897, Steering=0.8796717949702224
2024-11-28 17:59:44,321 - INFO - Position: (-0.00021181109829951022, -0.0002566417309099765, 0.0009895550548847357), Errors: X=0.00021181109829951022, Y=0.0002566417309099765, Velocities: X=0.00021055496842575897, Y=0.00025739750729560144, PID: KP=1.0, KI=0.009999999776482582, KD=0.10000000149011612
2024-11-28 17:59:44,419 - INFO - Set racecar velocity: Forward=0.00021048333545556897, Steering=0.8798675206899984
2024-11-28 17:59:44,419 - INFO - Position: (-0.00021172631100724226, -0.00025664134967290234, 0.000989573623931934), Errors: X=0.00021172631100724226, Y=0.00025664134967290234, Velocities: X=0.00021048333545556897, Y=0.00025740767939991005, PID: KP=1.0, KI=0.009999999776482582, KD=0.10000000149011612
2024-11-28 17:59:44,517 - INFO - Set racecar velocity: Forward=0.0002104115567642182, Steering=0.8800629103978208
2024-11-28 17:59:44,517 - INFO - Position: (-0.00021164169132286426, -0.0002566409630725333, 0.0009895907296566954), Errors: X=0.00021164169132286426, Y=0.0002566409630725333, Velocities: X=0.0002104115567642182, Y=0.0002574178574536844, PID: KP=1.0, KI=0.009999999776482582, KD=0.10000000149011612
2024-11-28 17:59:44,614 - INFO - Set racecar velocity: Forward=0.0002103396480718143, Steering=0.8802579919281447
2024-11-28 17:59:44,614 - INFO - Position: (-0.00021155722748279174, -0.000256640571541561, 0.000989606488636079), Errors: X=0.00021155722748279174, Y=0.000256640571541561, Velocities: X=0.0002103396480718143, Y=0.00025742804094513994, PID: KP=1.0, KI=0.009999999776482582, KD=0.10000000149011612
2024-11-28 17:59:44,709 - INFO - Set racecar velocity: Forward=0.00021026762368524552, Steering=0.88045279065578
2024-11-28 17:59:44,709 - INFO - Position: (-0.00021147290876601723, -0.00025664017547661445, 0.000989621008162637), Errors: X=0.00021147290876601723, Y=0.00025664017547661445, Velocities: X=0.00021026762368524552, Y=0.00025743822940521506, PID: KP=1.0, KI=0.009999999776482582, KD=0.10000000149011612
2024-11-28 17:59:44,807 - INFO - Set racecar velocity: Forward=0.00021019549662974456, Steering=0.8806473297140238
2024-11-28 17:59:44,807 - INFO - Position: (-0.00021138872540115726, -0.0002566397752412705, 0.0009896343869835072), Errors: X=0.00021138872540115726, Y=0.0002566397752412705, Velocities: X=0.00021019549662974456, Y=0.0002574484224040621, PID: KP=1.0, KI=0.009999999776482582, KD=0.10000000149011612
2024-11-28 17:59:44,902 - INFO - Set racecar velocity: Forward=0.000210123278765331, Steering=0.880841630193254
2024-11-28 17:59:44,902 - INFO - Position: (-0.00021130466848187375, -0.0002566393711688132, 0.000989646715980705), Errors: X=0.00021130466848187375, Y=0.0002566393711688132, Velocities: X=0.000210123278765331, Y=0.000257458619547776, PID: KP=1.0, KI=0.009999999776482582, KD=0.10000000149011612
2024-11-28 17:59:44,996 - INFO - Set racecar velocity: Forward=0.00021005098089508004, Steering=0.8810357113215173
2024-11-28 17:59:44,996 - INFO - Position: (-0.0002112207298900079, -0.0002566389635647636, 0.0009896580787972903), Errors: X=0.0002112207298900079, Y=0.0002566389635647636, Velocities: X=0.00021005098089508004, Y=0.0002574688204754185, PID: KP=1.0, KI=0.009999999776482582, KD=0.10000000149011612
2024-11-28 17:59:45,095 - INFO - Set racecar velocity: Forward=0.00020997861285979022, Steering=0.8812295906290889
2024-11-28 17:59:45,095 - INFO - Position: (-0.0002111369022255743, -0.000256638552709198, 0.0009896685524137144), Errors: X=0.0002111369022255743, Y=0.000256638552709198, Velocities: X=0.00020997861285979022, Y=0.00025747902485626035, PID: KP=1.0, KI=0.009999999776482582, KD=0.10000000149011612
2024-11-28 17:59:45,190 - INFO - Set racecar velocity: Forward=0.00020990618362437465, Steering=0.8814232840984096
2024-11-28 17:59:45,190 - INFO - Position: (-0.00021105317874300992, -0.0002566381388588734, 0.000989678207678232), Errors: X=0.00021105317874300992, Y=0.0002566381388588734, Velocities: X=0.00020990618362437465, Y=0.0002574892323872639, PID: KP=1.0, KI=0.009999999776482582, KD=0.10000000149011612
2024-11-28 17:59:45,285 - INFO - Set racecar velocity: Forward=0.00020983370135841938, Steering=0.8816168063005217
2024-11-28 17:59:45,286 - INFO - Position: (-0.0002109695532931942, -0.00025663772224917425, 0.0009896871097952388), Errors: X=0.0002109695532931942, Y=0.00025663772224917425, Velocities: X=0.00020983370135841938, Y=0.0002574994427907628, PID: KP=1.0, KI=0.009999999776482582, KD=0.10000000149011612
2024-11-28 17:59:45,380 - INFO - Set racecar velocity: Forward=0.0002097611735043804, Steering=0.8818101705196919
2024-11-28 17:59:45,380 - INFO - Position: (-0.00021088602027051563, -0.00025663730309589684, 0.0009896953187746194), Errors: X=0.00021088602027051563, Y=0.00025663730309589684, Velocities: X=0.0002097611735043804, Y=0.0002575096558123298, PID: KP=1.0, KI=0.009999999776482582, KD=0.10000000149011612
2024-11-28 17:59:45,476 - INFO - Set racecar velocity: Forward=0.00020968860684564088, Steering=0.882003388866703
2024-11-28 17:59:45,476 - INFO - Position: (-0.00021080257456477695, -0.00025663688159688493, 0.0009897028898453795), Errors: X=0.00021080257456477695, Y=0.00025663688159688493, Velocities: X=0.00020968860684564088, Y=0.00025751987121884983, PID: KP=1.0, KI=0.009999999776482582, KD=0.10000000149011612
2024-11-28 17:59:45,577 - INFO - Set racecar velocity: Forward=0.00020961600756318446, Steering=0.882196472382327
2024-11-28 17:59:45,577 - INFO - Position: (-0.00021071921151729036, -0.0002566364579335278, 0.000989709873836382), Errors: X=0.00021071921151729036, Y=0.0002566364579335278, Velocities: X=0.00020961600756318446, Y=0.0002575300887967154, PID: KP=1.0, KI=0.009999999776482582, KD=0.10000000149011612
2024-11-28 17:59:45,674 - INFO - Set racecar velocity: Forward=0.00020954338128968873, Steering=0.8823894311316061
2024-11-28 17:59:45,674 - INFO - Position: (-0.000210635926880892, -0.0002566360322721334, 0.0009897163175267235), Errors: X=0.000210635926880892, Y=0.0002566360322721334, Velocities: X=0.00020954338128968873, Y=0.000257540308350197, PID: KP=1.0, KI=0.009999999776482582, KD=0.10000000149011612
2024-11-28 17:59:45,769 - INFO - Set racecar velocity: Forward=0.00020947073315852154, Steering=0.8825822742897881
2024-11-28 17:59:45,769 - INFO - Position: (-0.00021055271678351503, -0.0002566356047651862, 0.000989722263968285), Errors: X=0.00021055271678351503, Y=0.0002566356047651862, Velocities: X=0.00020947073315852154, Y=0.00025755052969994173, PID: KP=1.0, KI=0.009999999776482582, KD=0.10000000149011612
2024-11-28 17:59:45,865 - INFO - Set racecar velocity: Forward=0.00020939806784834962, Steering=0.8827750102206549
2024-11-28 17:59:45,865 - INFO - Position: (-0.0002104695776950036, -0.0002566351755525005, 0.0009897277527825426), Errors: X=0.0002104695776950036, Y=0.0002566351755525005, Velocities: X=0.00020939806784834962, Y=0.0002575607526816078, PID: KP=1.0, KI=0.009999999776482582, KD=0.10000000149011612
2024-11-28 17:59:45,962 - INFO - Set racecar velocity: Forward=0.00020932538962280484, Steering=0.8829676465480065
2024-11-28 17:59:45,962 - INFO - Position: (-0.00021038650639684036, -0.00025663474476227675, 0.0009897328204338239), Errors: X=0.00021038650639684036, Y=0.00025663474476227675, Velocities: X=0.00020932538962280484, Y=0.00025757097714459597, PID: KP=1.0, KI=0.009999999776482582, KD=0.10000000149011612
2024-11-28 17:59:46,085 - INFO - Set racecar velocity: Forward=0.000209252702367446, Steering=0.8831601902208297
2024-11-28 17:59:46,085 - INFO - Position: (-0.00021030349995456295, -0.00025663431251206944, 0.000989737500480736), Errors: X=0.00021030349995456295, Y=0.00025663431251206944, Velocities: X=0.000209252702367446, Y=0.00025758120295089844, PID: KP=1.0, KI=0.009999999776482582, KD=0.10000000149011612
2024-11-28 17:59:46,181 - INFO - Set racecar velocity: Forward=0.00020918000962387475, Steering=0.8833526475726651
2024-11-28 17:59:46,181 - INFO - Position: (-0.0002102205556926479, -0.00025663387890967457, 0.0009897418238076217), Errors: X=0.0002102205556926479, Y=0.00025663387890967457, Velocities: X=0.00020918000962387475, Y=0.00025759142997405034, PID: KP=1.0, KI=0.009999999776482582, KD=0.10000000149011612
2024-11-28 17:59:46,276 - INFO - Set racecar velocity: Forward=0.00020910731426085068, Steering=0.8835450247402251
2024-11-28 17:59:46,276 - INFO - Position: (-0.00021013767115724355, -0.0002566334442272968, 0.0009897457936121053), Errors: X=0.00021013767115724355, Y=0.0002566334442272968, Velocities: X=0.00020910731426085068, Y=0.0002576016624320199, PID: KP=1.0, KI=0.009999999776482582, KD=0.10000000149011612
2024-11-28 17:59:46,371 - INFO - Set racecar velocity: Forward=0.00020903459847511046, Steering=0.8837373485140646
2024-11-28 17:59:46,371 - INFO - Position: (-0.0002100548432804273, -0.00025663301880301923, 0.0009897479449173152), Errors: X=0.0002100548432804273, Y=0.00025663301880301923, Velocities: X=0.00020903459847511046, Y=0.0002576121522443616, PID: KP=1.0, KI=0.009999999776482582, KD=0.10000000149011612
2024-11-28 17:59:46,466 - INFO - Set racecar velocity: Forward=0.0002089619124365272, Steering=0.8839296009122228
2024-11-28 17:59:46,466 - INFO - Position: (-0.00020997207112369553, -0.0002566325921213464, 0.0009897498446634976), Errors: X=0.00020997207112369553, Y=0.0002566325921213464, Velocities: X=0.0002089619124365272, Y=0.0002576223884096342, PID: KP=1.0, KI=0.009999999776482582, KD=0.10000000149011612
2024-11-28 17:59:46,563 - INFO - Set racecar velocity: Forward=0.00020888921821071526, Steering=0.8841217864610373
2024-11-28 17:59:46,563 - INFO - Position: (-0.0002098893522686205, -0.00025663216364667495, 0.0009897516030757472), Errors: X=0.0002098893522686205, Y=0.00025663216364667495, Velocities: X=0.00020888921821071526, Y=0.00025763260990957574, PID: KP=1.0, KI=0.009999999776482582, KD=0.10000000149011612
2024-11-28 17:59:46,657 - INFO - Set racecar velocity: Forward=0.00020881653164898123, Steering=0.8843139091887493
2024-11-28 17:59:46,657 - INFO - Position: (-0.0002098066850274778, -0.0002566317334724, 0.0009897532370856813), Errors: X=0.0002098066850274778, Y=0.0002566317334724, Velocities: X=0.00020881653164898123, Y=0.0002576428319334716, PID: KP=1.0, KI=0.009999999776482582, KD=0.10000000149011612
2024-11-28 17:59:46,756 - INFO - Set racecar velocity: Forward=0.0002087438555685374, Steering=0.8845059727631753
2024-11-28 17:59:46,756 - INFO - Position: (-0.000209724067892657, -0.0002566313017214091, 0.0009897547569218202), Errors: X=0.000209724067892657, Y=0.0002566313017214091, Velocities: X=0.0002087438555685374, Y=0.00025765305531196285, PID: KP=1.0, KI=0.009999999776482582, KD=0.10000000149011612
2024-11-28 17:59:46,852 - INFO - Set racecar velocity: Forward=0.00020867119182638175, Steering=0.8846979805267174
2024-11-28 17:59:46,852 - INFO - Position: (-0.00020964149949105076, -0.0002566308685089347, 0.0009897561716610992), Errors: X=0.00020964149949105076, Y=0.0002566308685089347, Velocities: X=0.00020867119182638175, Y=0.0002576632799764996, PID: KP=1.0, KI=0.009999999776482582, KD=0.10000000149011612
2024-11-28 17:59:46,945 - INFO - Set racecar velocity: Forward=0.0002085985420699756, Steering=0.8848899355250956
2024-11-28 17:59:46,945 - INFO - Position: (-0.00020955897857029537, -0.00025663043394097716, 0.0009897574896383786), Errors: X=0.00020955897857029537, Y=0.00025663043394097716, Velocities: X=0.0002085985420699756, Y=0.0002576735058114555, PID: KP=1.0, KI=0.009999999776482582, KD=0.10000000149011612
2024-11-28 17:59:47,041 - INFO - Set racecar velocity: Forward=0.00020852590779837338, Steering=0.8850818405333198
2024-11-28 17:59:47,041 - INFO - Position: (-0.0002094765039880066, -0.00025662999811491935, 0.0009897587185253767), Errors: X=0.0002094765039880066, Y=0.00025662999811491935, Velocities: X=0.00020852590779837338, Y=0.0002576837327073395, PID: KP=1.0, KI=0.009999999776482582, KD=0.10000000149011612
2024-11-28 17:59:47,137 - INFO - Set racecar velocity: Forward=0.0002084532903779142, Steering=0.8852736980793783
2024-11-28 17:59:47,137 - INFO - Position: (-0.00020939407470207366, -0.00025662956112021895, 0.0009897598653848614), Errors: X=0.00020939407470207366, Y=0.00025662956112021895, Velocities: X=0.0002084532903779142, Y=0.0002576939605633572, PID: KP=1.0, KI=0.009999999776482582, KD=0.10000000149011612
2024-11-28 17:59:47,230 - INFO - Set racecar velocity: Forward=0.00020838069105315828, Steering=0.8854655104659459
2024-11-28 17:59:47,230 - INFO - Position: (-0.0002093116897617787, -0.00025662912303905705, 0.0009897609367186004), Errors: X=0.0002093116897617787, Y=0.00025662912303905705, Velocities: X=0.00020838069105315828, Y=0.00025770418928700684, PID: KP=1.0, KI=0.009999999776482582, KD=0.10000000149011612
2024-11-28 17:59:47,325 - INFO - Set racecar velocity: Forward=0.0002083080458272428, Steering=0.8856572858903633
2024-11-28 17:59:47,326 - INFO - Position: (-0.00020922934569448997, -0.00025662868394731286, 0.000989761938884148), Errors: X=0.00020922934569448997, Y=0.00025662868394731286, Velocities: X=0.0002083080458272428, Y=0.0002577144188028793, PID: KP=1.0, KI=0.009999999776482582, KD=0.10000000149011612
2024-11-28 17:59:47,419 - INFO - Set racecar velocity: Forward=0.0002082354486593158, Steering=0.8858490234064605
2024-11-28 17:59:47,419 - INFO - Position: (-0.00020914704292477804, -0.0002566282439081745, 0.0009897628771198086), Errors: X=0.00020914704292477804, Y=0.0002566282439081745, Velocities: X=0.0002082354486593158, Y=0.0002577246488695374, PID: KP=1.0, KI=0.009999999776482582, KD=0.10000000149011612
2024-11-28 17:59:47,513 - INFO - Set racecar velocity: Forward=0.00020816290468033874, Steering=0.8860407216377515
2024-11-28 17:59:47,513 - INFO - Position: (-0.00020906478206539925, -0.00025662780298957245, 0.0009897637563683487), Errors: X=0.00020906478206539925, Y=0.00025662780298957245, Velocities: X=0.00020816290468033874, Y=0.00025773487966869284, PID: KP=1.0, KI=0.009999999776482582, KD=0.10000000149011612
2024-11-28 17:59:47,609 - INFO - Set racecar velocity: Forward=0.00020809038793720354, Steering=0.8862323816808794
2024-11-28 17:59:47,609 - INFO - Position: (-0.00020898256266640628, -0.000256627361251956, 0.0009897645812962977), Errors: X=0.00020898256266640628, Y=0.000256627361251956, Velocities: X=0.00020809038793720354, Y=0.0002577451110812104, PID: KP=1.0, KI=0.009999999776482582, KD=0.10000000149011612
2024-11-28 17:59:47,704 - INFO - Set racecar velocity: Forward=0.00020801789394384656, Steering=0.886424004998591
2024-11-28 17:59:47,704 - INFO - Position: (-0.0002089003841163391, -0.0002566269187490425, 0.0009897653562040282), Errors: X=0.0002089003841163391, Y=0.0002566269187490425, Velocities: X=0.00020801789394384656, Y=0.00025775534299920806, PID: KP=1.0, KI=0.009999999776482582, KD=0.10000000149011612
2024-11-28 17:59:47,799 - INFO - Set racecar velocity: Forward=0.00020794542342752337, Steering=0.886615592921353
2024-11-28 17:59:47,799 - INFO - Position: (-0.0002088182458572191, -0.0002566264755301835, 0.0009897660850515045), Errors: X=0.0002088182458572191, Y=0.0002566264755301835, Velocities: X=0.00020794542342752337, Y=0.0002577655753672334, PID: KP=1.0, KI=0.009999999776482582, KD=0.10000000149011612
2024-11-28 17:59:47,893 - INFO - Set racecar velocity: Forward=0.00020787297704114802, Steering=0.886807146659862
2024-11-28 17:59:47,893 - INFO - Position: (-0.00020873614737943713, -0.0002566260316407253, 0.0009897667714841827), Errors: X=0.00020873614737943713, Y=0.0002566260316407253, Velocities: X=0.00020787297704114802, Y=0.000257775808134472, PID: KP=1.0, KI=0.009999999776482582, KD=0.10000000149011612
2024-11-28 17:59:47,987 - INFO - Set racecar velocity: Forward=0.0002078005553804728, Steering=0.8869986673154179
2024-11-28 17:59:47,987 - INFO - Position: (-0.00020865408821753295, -0.00025662558712233465, 0.0009897674188579252), Errors: X=0.00020865408821753295, Y=0.00025662558712233465, Velocities: X=0.0002078005553804728, Y=0.0002577860412542613, PID: KP=1.0, KI=0.009999999776482582, KD=0.10000000149011612
2024-11-28 17:59:48,082 - INFO - Set racecar velocity: Forward=0.00020772815898896838, Steering=0.88719015588941
2024-11-28 17:59:48,082 - INFO - Position: (-0.00020857206794633874, -0.00025662514201329936, 0.0009897680302619312), Errors: X=0.00020857206794633874, Y=0.00025662514201329936, Velocities: X=0.00020772815898896838, Y=0.0002577962746837654, PID: KP=1.0, KI=0.009999999776482582, KD=0.10000000149011612
2024-11-28 17:59:48,177 - INFO - Set racecar velocity: Forward=0.0002076557883611676, Steering=0.8873816132920936
2024-11-28 17:59:48,177 - INFO - Position: (-0.0002084900861774105, -0.00025662469634880224, 0.000989768608539982), Errors: X=0.0002084900861774105, Y=0.00025662469634880224, Velocities: X=0.0002076557883611676, Y=0.00025780650838362666, PID: KP=1.0, KI=0.009999999776482582, KD=0.10000000149011612
2024-11-28 17:59:48,273 - INFO - Set racecar velocity: Forward=0.00020758344394826493, Steering=0.887573040350476
2024-11-28 17:59:48,273 - INFO - Position: (-0.00020840814255582626, -0.00025662425016117395, 0.0009897691563099025), Errors: X=0.00020840814255582626, Y=0.00025662425016117395, Velocities: X=0.00020758344394826493, Y=0.00025781674231770086, PID: KP=1.0, KI=0.009999999776482582, KD=0.10000000149011612
2024-11-28 17:59:48,368 - INFO - Set racecar velocity: Forward=0.00020751112616127144, Steering=0.8877644378155803
2024-11-28 17:59:48,368 - INFO - Position: (-0.00020832623675723827, -0.00025662380348012525, 0.0009897696759814775), Errors: X=0.00020832623675723827, Y=0.00025662380348012525, Velocities: X=0.00020751112616127144, Y=0.0002578269764528015, PID: KP=1.0, KI=0.009999999776482582, KD=0.10000000149011612
2024-11-28 17:59:48,463 - INFO - Set racecar velocity: Forward=0.00020743883537503697, Steering=0.8879558063690283
2024-11-28 17:59:48,463 - INFO - Position: (-0.00020824436848520416, -0.0002566233563329598, 0.0009897701697729926), Errors: X=0.00020824436848520416, Y=0.0002566233563329598, Velocities: X=0.00020743883537503697, Y=0.0002578372107584426, PID: KP=1.0, KI=0.009999999776482582, KD=0.10000000149011612
2024-11-28 17:59:48,560 - INFO - Set racecar velocity: Forward=0.0002073665719304862, Steering=0.8881471466291386
2024-11-28 17:59:48,560 - INFO - Position: (-0.00020816253746871416, -0.00025662290874477, 0.000989770639726458), Errors: X=0.00020816253746871416, Y=0.00025662290874477, Velocities: X=0.0002073665719304862, Y=0.0002578474452066261, PID: KP=1.0, KI=0.009999999776482582, KD=0.10000000149011612
2024-11-28 17:59:48,657 - INFO - Set racecar velocity: Forward=0.0002072943361388359, Steering=0.8883384591563774
2024-11-28 17:59:48,657 - INFO - Position: (-0.00020808074345998588, -0.00025662246073861666, 0.0009897710877215845), Errors: X=0.00020808074345998588, Y=0.00025662246073861666, Velocities: X=0.0002072943361388359, Y=0.00025785767977164, PID: KP=1.0, KI=0.009999999776482582, KD=0.10000000149011612
2024-11-28 17:59:48,754 - INFO - Set racecar velocity: Forward=0.00020722215233164886, Steering=0.8885297377553297
2024-11-28 17:59:48,754 - INFO - Position: (-0.0002079989871943478, -0.00025662201000647565, 0.0009897713582320805), Errors: X=0.0002079989871943478, Y=0.00025662201000647565, Velocities: X=0.00020722215233164886, Y=0.00025786785619930503, PID: KP=1.0, KI=0.009999999776482582, KD=0.10000000149011612
2024-11-28 17:59:48,851 - INFO - Set racecar velocity: Forward=0.00020714997676448725, Steering=0.8887209896737859
2024-11-28 17:59:48,851 - INFO - Position: (-0.0002079172676278766, -0.00025662155909695895, 0.000989771567436376), Errors: X=0.0002079172676278766, Y=0.00025662155909695895, Velocities: X=0.00020714997676448725, Y=0.00025787809359749506, PID: KP=1.0, KI=0.009999999776482582, KD=0.10000000149011612
2024-11-28 17:59:48,944 - INFO - Set racecar velocity: Forward=0.00020707782626391114, Steering=0.8889122156919098
2024-11-28 17:59:48,944 - INFO - Position: (-0.00020783558443140772, -0.00025662110804710946, 0.000989771769182446), Errors: X=0.00020783558443140772, Y=0.00025662110804710946, Velocities: X=0.00020707782626391114, Y=0.00025788833172558825, PID: KP=1.0, KI=0.009999999776482582, KD=0.10000000149011612
2024-11-28 17:59:49,040 - INFO - Set racecar velocity: Forward=0.0002070057039102469, Steering=0.8891034161155573
2024-11-28 17:59:49,040 - INFO - Position: (-0.0002077539374120959, -0.00025662065681317193, 0.000989771970251945), Errors: X=0.0002077539374120959, Y=0.00025662065681317193, Velocities: X=0.0002070057039102469, Y=0.0002578985686006659, PID: KP=1.0, KI=0.009999999776482582, KD=0.10000000149011612
2024-11-28 17:59:49,134 - INFO - Set racecar velocity: Forward=0.00020693361030653677, Steering=0.8892945912592551
2024-11-28 17:59:49,135 - INFO - Position: (-0.00020767232640887134, -0.0002566202053949473, 0.0009897721710757411), Errors: X=0.00020767232640887134, Y=0.0002566202053949473, Velocities: X=0.00020693361030653677, Y=0.0002579088052678699, PID: KP=1.0, KI=0.009999999776482582, KD=0.10000000149011612
2024-11-28 17:59:49,227 - INFO - Set racecar velocity: Forward=0.00020686154569420933, Steering=0.8894857414049903
2024-11-28 17:59:49,227 - INFO - Position: (-0.00020759075127670443, -0.00025661975379478774, 0.000989772371682277), Errors: X=0.00020759075127670443, Y=0.00025661975379478774, Velocities: X=0.00020686154569420933, Y=0.0002579190417907745, PID: KP=1.0, KI=0.009999999776482582, KD=0.10000000149011612
2024-11-28 17:59:49,322 - WARNING - Simulation stopped by user.
2024-11-28 17:59:49,326 - INFO - Simulation ended.
