2024-11-28 17:59:49,478 - INFO - Initializing PyBullet environment...
2024-11-28 17:59:52,731 - INFO - Starting simulation...
2024-11-28 17:59:54,538 - WARNING - Simulation stopped by user.
2024-11-28 17:59:54,542 - INFO - Simulation ended.
2024-11-28 18:16:35,648 - INFO - Initializing PyBullet environment...
2024-11-28 18:16:39,074 - INFO - Starting simulation...
2024-11-28 18:17:31,370 - WARNING - Simulation stopped by user.
2024-11-28 18:17:31,375 - INFO - Simulation ended.
2024-11-28 18:25:16,143 - INFO - Initializing PyBullet environment...
2024-11-28 18:25:19,416 - INFO - Starting simulation...
2024-11-28 18:36:15,786 - WARNING - Simulation stopped by user.
2024-11-28 18:36:15,807 - INFO - Simulation ended.
2024-11-28 18:45:22,068 - INFO - Initializing PyBullet environment...
2024-11-28 18:45:35,157 - INFO - Initializing PyBullet environment...
2024-11-28 18:45:38,623 - INFO - Starting simulation...
2024-11-28 18:45:38,715 - ERROR - Unexpected error: can only concatenate tuple (not "str") to tuple
2024-11-28 18:45:38,718 - INFO - Simulation ended.
2024-11-28 18:45:51,211 - INFO - Initializing PyBullet environment...
2024-11-28 18:45:54,722 - INFO - Starting simulation...
2024-11-28 18:46:02,744 - WARNING - Simulation stopped by user.
2024-11-28 18:46:02,748 - INFO - Simulation ended.
2024-11-28 18:46:16,598 - INFO - Initializing PyBullet environment...
2024-11-28 18:46:20,081 - INFO - Starting simulation...
2024-11-28 18:46:51,167 - WARNING - Simulation stopped by user.
2024-11-28 18:46:51,174 - INFO - Simulation ended.
2024-11-28 18:47:00,543 - INFO - Initializing PyBullet environment...
2024-11-28 18:47:04,667 - INFO - Starting simulation...
2024-11-28 18:47:34,023 - WARNING - Simulation stopped by user.
2024-11-28 18:47:34,028 - INFO - Simulation ended.
2024-11-28 18:47:40,613 - INFO - Initializing PyBullet environment...
2024-11-28 18:47:44,296 - INFO - Starting simulation...
2024-11-28 18:47:50,180 - WARNING - Simulation stopped by user.
2024-11-28 18:47:50,183 - INFO - Simulation ended.
2024-11-28 18:48:48,369 - INFO - Initializing PyBullet environment...
2024-11-28 18:48:51,902 - INFO - Starting simulation...
2024-11-28 18:49:15,378 - WARNING - Simulation stopped by user.
2024-11-28 18:49:15,383 - INFO - Simulation ended.
2024-11-28 18:49:22,788 - INFO - Initializing PyBullet environment...
2024-11-28 18:49:26,192 - INFO - Starting simulation...
2024-11-28 18:50:14,186 - WARNING - Simulation stopped by user.
2024-11-28 18:50:14,195 - INFO - Simulation ended.
2024-11-29 08:38:59,199 - INFO - Initializing PyBullet environment...
2024-11-29 08:39:02,745 - INFO - Starting simulation...
2024-11-29 08:39:08,061 - WARNING - Simulation stopped by user.
2024-11-29 08:39:08,065 - INFO - Simulation ended.
2024-11-29 17:14:08,574 - INFO - Initializing PyBullet environment...
2024-11-29 17:14:12,972 - INFO - Starting simulation...
2024-11-29 17:14:12,972 - ERROR - Unexpected error: name 'PID' is not defined
2024-11-29 17:14:12,978 - INFO - Simulation ended.
2024-11-29 17:14:23,493 - INFO - Initializing PyBullet environment...
2024-11-29 17:14:27,427 - INFO - Starting simulation...
2024-11-29 17:14:27,428 - ERROR - Unexpected error: name 'PID' is not defined
2024-11-29 17:14:27,431 - INFO - Simulation ended.
2024-11-29 17:14:52,495 - INFO - Initializing PyBullet environment...
2024-11-29 17:14:57,529 - INFO - Starting simulation...
2024-11-29 17:14:57,530 - ERROR - Unexpected error: name 'PID' is not defined
2024-11-29 17:14:57,534 - INFO - Simulation ended.
2024-11-29 17:15:44,267 - INFO - Initializing PyBullet environment...
2024-11-29 17:15:48,231 - INFO - Starting simulation...
2024-11-29 17:15:48,235 - ERROR - Unexpected error: name 'PID' is not defined
2024-11-29 17:15:48,242 - INFO - Simulation ended.
2024-11-29 17:16:17,282 - INFO - Initializing PyBullet environment...
2024-11-29 17:16:21,502 - INFO - Starting simulation...
2024-11-29 17:16:21,503 - ERROR - Unexpected error: name 'PID' is not defined
2024-11-29 17:16:21,507 - INFO - Simulation ended.
2024-11-29 17:16:34,594 - INFO - Initializing PyBullet environment...
2024-11-29 17:16:45,374 - INFO - Starting simulation...
2024-11-29 17:16:45,383 - ERROR - Unexpected error: name 'PID' is not defined
2024-11-29 17:16:45,396 - INFO - Simulation ended.
2024-11-29 17:17:42,153 - INFO - Initializing PyBullet environment...
2024-11-29 17:17:46,184 - INFO - Starting simulation...
2024-11-29 17:24:09,236 - INFO - Initializing PyBullet environment...
2024-11-29 17:24:13,438 - INFO - Starting simulation...
2024-11-29 17:25:27,775 - INFO - Initializing PyBullet environment...
2024-11-29 17:25:31,256 - INFO - Starting simulation...
2024-11-29 17:26:46,653 - INFO - Initializing PyBullet environment...
2024-11-29 17:26:50,742 - INFO - Starting simulation...
2024-11-29 17:27:50,934 - ERROR - Unexpected error: Not connected to physics server.
2024-11-29 17:28:09,311 - INFO - Initializing PyBullet environment...
2024-11-29 17:28:13,311 - INFO - Starting simulation...
2024-11-29 17:28:59,678 - ERROR - Unexpected error: Not connected to physics server.
2024-11-29 17:29:16,770 - INFO - Initializing PyBullet environment...
2024-11-29 17:29:21,187 - INFO - Starting simulation...
2024-11-29 17:30:11,230 - WARNING - Simulation stopped by user.
2024-11-29 17:30:11,250 - INFO - Simulation ended.
2024-11-29 17:31:29,817 - INFO - Initializing PyBullet environment...
2024-11-29 17:31:33,949 - INFO - Starting simulation...
2024-11-29 17:31:34,054 - ERROR - Unexpected error: sequence item 0: expected str instance, float found
2024-11-29 17:31:34,058 - INFO - Simulation ended.
2024-11-29 17:31:43,280 - INFO - Initializing PyBullet environment...
2024-11-29 17:31:51,013 - INFO - Starting simulation...
2024-11-29 17:31:51,296 - ERROR - Unexpected error: sequence item 0: expected str instance, float found
2024-11-29 17:31:51,302 - INFO - Simulation ended.
2024-11-29 17:31:56,496 - INFO - Initializing PyBullet environment...
2024-11-29 17:32:00,446 - INFO - Starting simulation...
2024-11-29 17:32:25,659 - WARNING - Simulation stopped by user.
2024-11-29 17:32:25,667 - INFO - Simulation ended.
2024-11-29 17:32:26,016 - INFO - Initializing PyBullet environment...
2024-11-29 17:32:29,825 - INFO - Starting simulation...
2024-11-29 17:32:29,931 - ERROR - Unexpected error: 'PybulletEnvironment' object has no attribute 'x_velocity'
2024-11-29 17:32:29,936 - INFO - Simulation ended.
2024-11-29 17:32:49,806 - INFO - Initializing PyBullet environment...
2024-11-29 17:32:53,817 - INFO - Starting simulation...
2024-11-29 17:32:53,922 - ERROR - Unexpected error: 'PybulletEnvironment' object has no attribute 'x_velocity'
2024-11-29 17:32:53,925 - INFO - Simulation ended.
2024-11-29 17:33:09,431 - INFO - Initializing PyBullet environment...
2024-11-29 17:33:14,878 - INFO - Starting simulation...
2024-11-29 17:33:14,985 - ERROR - Unexpected error: sequence item 0: expected str instance, float found
2024-11-29 17:33:14,989 - INFO - Simulation ended.
2024-11-29 17:33:47,550 - INFO - Initializing PyBullet environment...
2024-11-29 17:33:51,715 - INFO - Starting simulation...
2024-11-29 17:33:51,929 - ERROR - Unexpected error: 'PybulletEnvironment' object has no attribute 'x_velocity'
2024-11-29 17:33:51,933 - INFO - Simulation ended.
2024-11-29 17:34:06,257 - INFO - Initializing PyBullet environment...
2024-11-29 17:34:10,137 - INFO - Starting simulation...
2024-11-29 17:34:10,343 - ERROR - Unexpected error: 'PybulletEnvironment' object has no attribute 'x_velocity'
2024-11-29 17:34:10,349 - INFO - Simulation ended.
2024-11-29 17:34:21,928 - INFO - Initializing PyBullet environment...
2024-11-29 17:34:25,837 - INFO - Starting simulation...
2024-11-29 17:34:25,959 - ERROR - Unexpected error: 'PybulletEnvironment' object has no attribute 'x_velocity'
2024-11-29 17:34:25,964 - INFO - Simulation ended.
2024-11-29 17:34:37,612 - INFO - Initializing PyBullet environment...
2024-11-29 17:34:41,605 - INFO - Starting simulation...
2024-11-29 17:34:41,978 - INFO - Position: 1.288810816875099e-21, -1.9299437473402033e-21, -4.693389310939904e-22, Errors: X=-1.288810816875099e-21, Y=1.9299437473402033e-21, Velocities: X=-0.0, Heading=2.1595811223317436, PID: KP=4, KI=5, KD=6
2024-11-29 17:34:42,617 - INFO - Position: -2.7902981841514296e-12, -1.8997892694052982e-13, 9.623853184273352e-13, Errors: X=2.7902981841514296e-12, Y=1.8997892694052982e-13, Velocities: X=0.0, Heading=0.06798061364824047, PID: KP=4, KI=5, KD=6
2024-11-29 17:34:42,721 - INFO - Position: -8.883017085577594e-14, -6.051177628907888e-15, 3.06476158959024e-14, Errors: X=8.883017085577594e-14, Y=6.051177628907888e-15, Velocities: X=0.0, Heading=0.06801566979768534, PID: KP=4, KI=5, KD=6
2024-11-29 17:34:42,899 - INFO - Position: -3.7398033245899033e-13, -2.546398841898332e-14, 1.289913748515942e-13, Errors: X=3.7398033245899033e-13, Y=2.546398841898332e-14, Velocities: X=0.0, Heading=0.06798417960902634, PID: KP=4, KI=5, KD=6
2024-11-29 17:34:43,033 - INFO - Position: -2.5610559094930083e-13, -1.74373258674379e-14, 8.833235904248684e-14, Errors: X=2.5610559094930083e-13, Y=1.74373258674379e-14, Velocities: X=0.0, Heading=0.06798155156544158, PID: KP=4, KI=5, KD=6
2024-11-29 17:34:43,137 - INFO - Position: -3.087216273841143e-13, -2.1018260102199517e-14, 1.0647519184380211e-13, Errors: X=3.087216273841143e-13, Y=2.1018260102199517e-14, Velocities: X=0.0, Heading=0.0679766958949915, PID: KP=4, KI=5, KD=6
2024-11-29 17:34:43,241 - INFO - Position: -3.472254329458651e-13, -2.3638548249761274e-14, 1.1975126070986901e-13, Errors: X=3.472254329458651e-13, Y=2.3638548249761274e-14, Velocities: X=0.0, Heading=0.06797350739066525, PID: KP=4, KI=5, KD=6
2024-11-29 17:34:43,344 - INFO - Position: -3.9551119091211617e-13, -2.6925011438003555e-14, 1.364016805907726e-13, Errors: X=3.9551119091211617e-13, Y=2.6925011438003555e-14, Velocities: X=0.0, Heading=0.06797161118254673, PID: KP=4, KI=5, KD=6
2024-11-29 17:34:43,450 - INFO - Position: -4.5124159182109545e-13, -3.0718580831602346e-14, 1.5562052409253589e-13, Errors: X=4.5124159182109545e-13, Y=3.0718580831602346e-14, Velocities: X=0.0, Heading=0.0679708162317095, PID: KP=4, KI=5, KD=6
2024-11-29 17:34:43,555 - INFO - Position: -5.133218628369271e-13, -3.494478948243946e-14, 1.7703042034778636e-13, Errors: X=5.133218628369271e-13, Y=3.494478948243946e-14, Velocities: X=0.0, Heading=0.06797091633981327, PID: KP=4, KI=5, KD=6
2024-11-29 17:34:43,658 - INFO - Position: -5.805610375784009e-13, -3.95226203462811e-14, 2.0022082580234394e-13, Errors: X=5.805610375784009e-13, Y=3.95226203462811e-14, Velocities: X=0.0, Heading=0.06797172416835542, PID: KP=4, KI=5, KD=6
2024-11-29 17:34:43,761 - INFO - Position: -6.518782412063473e-13, -4.4378558798276904e-14, 2.2481917007125414e-13, Errors: X=6.518782412063473e-13, Y=4.4378558798276904e-14, Velocities: X=0.0, Heading=0.06797310736249995, PID: KP=4, KI=5, KD=6
2024-11-29 17:34:44,260 - INFO - Position: -7.265114416603159e-13, -4.94607863033115e-14, 2.505628447989599e-13, Errors: X=7.265114416603159e-13, Y=4.94607863033115e-14, Velocities: X=0.0, Heading=0.06797495618032715, PID: KP=4, KI=5, KD=6
2024-11-29 17:34:44,445 - INFO - Position: -8.038278056229525e-13, -5.472629013711708e-14, 2.7723380164905603e-13, Errors: X=8.038278056229525e-13, Y=5.472629013711708e-14, Velocities: X=0.0, Heading=0.0679772071307549, PID: KP=4, KI=5, KD=6
2024-11-29 17:34:44,550 - INFO - Position: -8.834624867910994e-13, -6.015029141433905e-14, 3.0470641385205137e-13, Errors: X=8.834624867910994e-13, Y=6.015029141433905e-14, Velocities: X=0.0, Heading=0.06797980352097165, PID: KP=4, KI=5, KD=6
2024-11-29 17:34:44,654 - INFO - Position: -9.650882739670185e-13, -6.571057980242203e-14, 3.328680389713867e-13, Errors: X=9.650882739670185e-13, Y=6.571057980242203e-14, Velocities: X=0.0, Heading=0.06798271199991018, PID: KP=4, KI=5, KD=6
2024-11-29 17:34:44,757 - INFO - Position: -1.0485133933935515e-12, -7.13941669408433e-14, 3.616527452932923e-13, Errors: X=1.0485133933935515e-12, Y=7.13941669408433e-14, Velocities: X=0.0, Heading=0.06798590926123138, PID: KP=4, KI=5, KD=6
2024-11-29 17:34:44,859 - INFO - Position: -1.1336035176146778e-12, -7.719197452676627e-14, 3.9101441425845395e-13, Errors: X=1.1336035176146778e-12, Y=7.719197452676627e-14, Velocities: X=0.0, Heading=0.06798937659179657, PID: KP=4, KI=5, KD=6
2024-11-29 17:34:44,962 - INFO - Position: -1.2202506095441896e-12, -8.309671620188856e-14, 4.209159993533195e-13, Errors: X=1.2202506095441896e-12, Y=8.309671620188856e-14, Velocities: X=0.0, Heading=0.06799310102143774, PID: KP=4, KI=5, KD=6
2024-11-29 17:34:45,298 - INFO - Position: -1.3083798266249662e-12, -8.910336597333148e-14, 4.5133190469340113e-13, Errors: X=1.3083798266249662e-12, Y=8.910336597333148e-14, Velocities: X=0.0, Heading=0.06799707214414286, PID: KP=4, KI=5, KD=6
2024-11-29 17:34:45,436 - INFO - Position: -1.3979309951965158e-12, -9.520789687161233e-14, 4.822415958066863e-13, Errors: X=1.3979309951965158e-12, Y=9.520789687161233e-14, Velocities: X=0.0, Heading=0.06800128139463402, PID: KP=4, KI=5, KD=6
2024-11-29 17:34:45,600 - INFO - Position: -1.4888545301314483e-12, -1.0140700266808892e-13, 5.136281943578999e-13, Errors: X=1.4888545301314483e-12, Y=1.0140700266808892e-13, Velocities: X=0.0, Heading=0.06800572124560815, PID: KP=4, KI=5, KD=6
2024-11-29 17:34:45,720 - INFO - Position: -1.5811067918083646e-12, -1.0769778597423472e-13, 5.454768751487548e-13, Errors: X=1.5811067918083646e-12, Y=1.0769778597423472e-13, Velocities: X=0.0, Heading=0.06801038765879201, PID: KP=4, KI=5, KD=6
2024-11-29 17:34:45,822 - INFO - Position: -1.6746643718145737e-12, -1.1407872496948456e-13, 5.77779794208397e-13, Errors: X=1.6746643718145737e-12, Y=1.1407872496948456e-13, Velocities: X=0.0, Heading=0.0680152753361305, PID: KP=4, KI=5, KD=6
2024-11-29 17:34:45,925 - INFO - Position: -1.76949639720281e-12, -1.2054778799004805e-13, 6.105265345135447e-13, Errors: X=1.76949639720281e-12, Y=1.2054778799004805e-13, Velocities: X=0.0, Heading=0.06802037862389813, PID: KP=4, KI=5, KD=6
2024-11-29 17:34:46,028 - INFO - Position: -1.8655699568480603e-12, -1.2710281418255942e-13, 6.437059839084008e-13, Errors: X=1.8655699568480603e-12, Y=1.2710281418255942e-13, Velocities: X=0.0, Heading=0.06802569761798005, PID: KP=4, KI=5, KD=6
2024-11-29 17:34:46,133 - INFO - Position: -1.9628855824298407e-12, -1.3374391058654089e-13, 6.773185625684664e-13, Errors: X=1.9628855824298407e-12, Y=1.3374391058654089e-13, Velocities: X=0.0, Heading=0.06803122646043668, PID: KP=4, KI=5, KD=6
2024-11-29 17:34:46,236 - INFO - Position: -2.06140894241041e-12, -1.4046882169950287e-13, 7.113526760317595e-13, Errors: X=2.06140894241041e-12, Y=1.4046882169950287e-13, Velocities: X=0.0, Heading=0.06803696595943762, PID: KP=4, KI=5, KD=6
2024-11-29 17:34:46,340 - ERROR - Unexpected error: Failed to read parameter.
2024-11-29 17:34:46,349 - INFO - Simulation ended.
2024-11-29 17:35:22,023 - INFO - Initializing PyBullet environment...
2024-11-29 17:35:26,103 - INFO - Starting simulation...
2024-11-29 17:35:26,210 - INFO - Position: 1.288810816875099e-21, -1.9299437473402033e-21, -4.693389310939904e-22, Errors: X=-1.288810816875099e-21, Y=1.9299437473402033e-21, Velocities: X=-0.0, Heading=2.1595811223317436, PID: KP=4, KI=5, KD=6
2024-11-29 17:35:26,316 - INFO - Position: -2.7902981841514296e-12, -1.8997892694052982e-13, 9.623853184273352e-13, Errors: X=2.7902981841514296e-12, Y=1.8997892694052982e-13, Velocities: X=0.0, Heading=0.06798061364824047, PID: KP=4, KI=5, KD=6
2024-11-29 17:35:26,422 - INFO - Position: -8.883017085577594e-14, -6.051177628907888e-15, 3.06476158959024e-14, Errors: X=8.883017085577594e-14, Y=6.051177628907888e-15, Velocities: X=0.0, Heading=0.06801566979768534, PID: KP=4, KI=5, KD=6
2024-11-29 17:35:26,528 - INFO - Position: -3.7398033245899033e-13, -2.546398841898332e-14, 1.289913748515942e-13, Errors: X=3.7398033245899033e-13, Y=2.546398841898332e-14, Velocities: X=0.0, Heading=0.06798417960902634, PID: KP=4, KI=5, KD=6
2024-11-29 17:35:26,631 - INFO - Position: -2.5610559094930083e-13, -1.74373258674379e-14, 8.833235904248684e-14, Errors: X=2.5610559094930083e-13, Y=1.74373258674379e-14, Velocities: X=0.0, Heading=0.06798155156544158, PID: KP=4, KI=5, KD=6
2024-11-29 17:35:26,736 - INFO - Position: -3.087216273841143e-13, -2.1018260102199517e-14, 1.0647519184380211e-13, Errors: X=3.087216273841143e-13, Y=2.1018260102199517e-14, Velocities: X=0.0, Heading=0.0679766958949915, PID: KP=4, KI=5, KD=6
2024-11-29 17:35:26,841 - INFO - Position: -3.472254329458651e-13, -2.3638548249761274e-14, 1.1975126070986901e-13, Errors: X=3.472254329458651e-13, Y=2.3638548249761274e-14, Velocities: X=0.0, Heading=0.06797350739066525, PID: KP=4, KI=5, KD=6
2024-11-29 17:35:26,947 - INFO - Position: -3.9551119091211617e-13, -2.6925011438003555e-14, 1.364016805907726e-13, Errors: X=3.9551119091211617e-13, Y=2.6925011438003555e-14, Velocities: X=0.0, Heading=0.06797161118254673, PID: KP=4, KI=5, KD=6
2024-11-29 17:35:27,054 - INFO - Position: -4.5124159182109545e-13, -3.0718580831602346e-14, 1.5562052409253589e-13, Errors: X=4.5124159182109545e-13, Y=3.0718580831602346e-14, Velocities: X=0.0, Heading=0.0679708162317095, PID: KP=4, KI=5, KD=6
2024-11-29 17:35:27,161 - INFO - Position: -5.133218628369271e-13, -3.494478948243946e-14, 1.7703042034778636e-13, Errors: X=5.133218628369271e-13, Y=3.494478948243946e-14, Velocities: X=0.0, Heading=0.06797091633981327, PID: KP=4, KI=5, KD=6
2024-11-29 17:35:27,267 - INFO - Position: -5.805610375784009e-13, -3.95226203462811e-14, 2.0022082580234394e-13, Errors: X=5.805610375784009e-13, Y=3.95226203462811e-14, Velocities: X=0.0, Heading=0.06797172416835542, PID: KP=4, KI=5, KD=6
2024-11-29 17:35:27,373 - INFO - Position: -6.518782412063473e-13, -4.4378558798276904e-14, 2.2481917007125414e-13, Errors: X=6.518782412063473e-13, Y=4.4378558798276904e-14, Velocities: X=0.0, Heading=0.06797310736249995, PID: KP=4, KI=5, KD=6
2024-11-29 17:35:27,480 - INFO - Position: -7.265114416603159e-13, -4.94607863033115e-14, 2.505628447989599e-13, Errors: X=7.265114416603159e-13, Y=4.94607863033115e-14, Velocities: X=0.0, Heading=0.06797495618032715, PID: KP=4, KI=5, KD=6
2024-11-29 17:35:27,586 - INFO - Position: -8.038278056229525e-13, -5.472629013711708e-14, 2.7723380164905603e-13, Errors: X=8.038278056229525e-13, Y=5.472629013711708e-14, Velocities: X=0.0, Heading=0.0679772071307549, PID: KP=4, KI=5, KD=6
2024-11-29 17:35:27,691 - INFO - Position: -8.834624867910994e-13, -6.015029141433905e-14, 3.0470641385205137e-13, Errors: X=8.834624867910994e-13, Y=6.015029141433905e-14, Velocities: X=0.0, Heading=0.06797980352097165, PID: KP=4, KI=5, KD=6
2024-11-29 17:35:27,797 - INFO - Position: -9.650882739670185e-13, -6.571057980242203e-14, 3.328680389713867e-13, Errors: X=9.650882739670185e-13, Y=6.571057980242203e-14, Velocities: X=0.0, Heading=0.06798271199991018, PID: KP=4, KI=5, KD=6
2024-11-29 17:35:27,904 - INFO - Position: -1.0485133933935515e-12, -7.13941669408433e-14, 3.616527452932923e-13, Errors: X=1.0485133933935515e-12, Y=7.13941669408433e-14, Velocities: X=0.0, Heading=0.06798590926123138, PID: KP=4, KI=5, KD=6
2024-11-29 17:35:28,011 - INFO - Position: -1.1336035176146778e-12, -7.719197452676627e-14, 3.9101441425845395e-13, Errors: X=1.1336035176146778e-12, Y=7.719197452676627e-14, Velocities: X=0.0, Heading=0.06798937659179657, PID: KP=4, KI=5, KD=6
2024-11-29 17:35:28,118 - INFO - Position: -1.2202506095441896e-12, -8.309671620188856e-14, 4.209159993533195e-13, Errors: X=1.2202506095441896e-12, Y=8.309671620188856e-14, Velocities: X=0.0, Heading=0.06799310102143774, PID: KP=4, KI=5, KD=6
2024-11-29 17:35:28,224 - INFO - Position: -1.3083798266249662e-12, -8.910336597333148e-14, 4.5133190469340113e-13, Errors: X=1.3083798266249662e-12, Y=8.910336597333148e-14, Velocities: X=0.0, Heading=0.06799707214414286, PID: KP=4, KI=5, KD=6
2024-11-29 17:35:28,331 - INFO - Position: -1.3979309951965158e-12, -9.520789687161233e-14, 4.822415958066863e-13, Errors: X=1.3979309951965158e-12, Y=9.520789687161233e-14, Velocities: X=0.0, Heading=0.06800128139463402, PID: KP=4, KI=5, KD=6
2024-11-29 17:35:28,437 - INFO - Position: -1.4888545301314483e-12, -1.0140700266808892e-13, 5.136281943578999e-13, Errors: X=1.4888545301314483e-12, Y=1.0140700266808892e-13, Velocities: X=0.0, Heading=0.06800572124560815, PID: KP=4, KI=5, KD=6
2024-11-29 17:35:28,544 - INFO - Position: -1.5811067918083646e-12, -1.0769778597423472e-13, 5.454768751487548e-13, Errors: X=1.5811067918083646e-12, Y=1.0769778597423472e-13, Velocities: X=0.0, Heading=0.06801038765879201, PID: KP=4, KI=5, KD=6
2024-11-29 17:35:28,650 - INFO - Position: -1.6746643718145737e-12, -1.1407872496948456e-13, 5.77779794208397e-13, Errors: X=1.6746643718145737e-12, Y=1.1407872496948456e-13, Velocities: X=0.0, Heading=0.0680152753361305, PID: KP=4, KI=5, KD=6
2024-11-29 17:35:28,756 - INFO - Position: -1.76949639720281e-12, -1.2054778799004805e-13, 6.105265345135447e-13, Errors: X=1.76949639720281e-12, Y=1.2054778799004805e-13, Velocities: X=0.0, Heading=0.06802037862389813, PID: KP=4, KI=5, KD=6
2024-11-29 17:35:28,862 - INFO - Position: -1.8655699568480603e-12, -1.2710281418255942e-13, 6.437059839084008e-13, Errors: X=1.8655699568480603e-12, Y=1.2710281418255942e-13, Velocities: X=0.0, Heading=0.06802569761798005, PID: KP=4, KI=5, KD=6
2024-11-29 17:35:28,968 - INFO - Position: -1.9628855824298407e-12, -1.3374391058654089e-13, 6.773185625684664e-13, Errors: X=1.9628855824298407e-12, Y=1.3374391058654089e-13, Velocities: X=0.0, Heading=0.06803122646043668, PID: KP=4, KI=5, KD=6
2024-11-29 17:35:29,075 - INFO - Position: -2.06140894241041e-12, -1.4046882169950287e-13, 7.113526760317595e-13, Errors: X=2.06140894241041e-12, Y=1.4046882169950287e-13, Velocities: X=0.0, Heading=0.06803696595943762, PID: KP=4, KI=5, KD=6
2024-11-29 17:35:29,180 - INFO - Position: -2.1611446998702394e-12, -1.472779470030353e-13, 7.458101806649405e-13, Errors: X=2.1611446998702394e-12, Y=1.472779470030353e-13, Velocities: X=0.0, Heading=0.06804291531095229, PID: KP=4, KI=5, KD=6
2024-11-29 17:35:29,285 - INFO - Position: -2.262087867053167e-12, -1.5417102282709304e-13, 7.806896062874877e-13, Errors: X=2.262087867053167e-12, Y=1.5417102282709304e-13, Velocities: X=0.0, Heading=0.06804907075015972, PID: KP=4, KI=5, KD=6
2024-11-29 17:35:29,386 - INFO - Position: -2.3642162929103413e-12, -1.6114661863872408e-13, 8.159835672126739e-13, Errors: X=2.3642162929103413e-12, Y=1.6114661863872408e-13, Velocities: X=0.0, Heading=0.06805542983344538, PID: KP=4, KI=5, KD=6
2024-11-29 17:35:29,495 - INFO - Position: -2.4675156154729714e-12, -1.682038401534223e-13, 8.516873697049907e-13, Errors: X=2.4675156154729714e-12, Y=1.682038401534223e-13, Velocities: X=0.0, Heading=0.06806199229016482, PID: KP=4, KI=5, KD=6
2024-11-29 17:35:29,605 - INFO - Position: -2.5719840535087475e-12, -1.7534264811503926e-13, 8.878006602445865e-13, Errors: X=2.5719840535087475e-12, Y=1.7534264811503926e-13, Velocities: X=0.0, Heading=0.06806875645531728, PID: KP=4, KI=5, KD=6
2024-11-29 17:35:29,709 - INFO - Position: -2.677611620671654e-12, -1.825624506118708e-13, 9.243202630531403e-13, Errors: X=2.677611620671654e-12, Y=1.825624506118708e-13, Velocities: X=0.0, Heading=0.06807572293110538, PID: KP=4, KI=5, KD=6
2024-11-29 17:35:29,810 - INFO - Position: -2.784401559287208e-12, -1.89863551616796e-13, 9.612475642843372e-13, Errors: X=2.784401559287208e-12, Y=1.89863551616796e-13, Velocities: X=0.0, Heading=0.06808288962132064, PID: KP=4, KI=5, KD=6
2024-11-29 17:35:29,913 - INFO - Position: -2.892341321816843e-12, -1.9724518822218514e-13, 9.98578512724933e-13, Errors: X=2.892341321816843e-12, Y=1.9724518822218514e-13, Velocities: X=0.0, Heading=0.06809025763695438, PID: KP=4, KI=5, KD=6
2024-11-29 17:35:30,016 - INFO - Position: -3.0014371175945752e-12, -2.0470786843199823e-13, 1.0363155268488137e-12, Errors: X=3.0014371175945752e-12, Y=2.0470786843199823e-13, Velocities: X=0.0, Heading=0.06809782481334156, PID: KP=4, KI=5, KD=6
2024-11-29 17:35:42,659 - INFO - Initializing PyBullet environment...
2024-11-29 17:35:46,521 - INFO - Starting simulation...
2024-11-29 17:35:46,633 - INFO - Position: 1.288810816875099e-21, -1.9299437473402033e-21, -4.693389310939904e-22, Errors: X=-1.288810816875099e-21, Y=1.9299437473402033e-21, Velocities: X=-0.0, Heading=2.1595811223317436, PID: KP=4, KI=5, KD=6
2024-11-29 17:35:46,739 - INFO - Position: -2.7902981841514296e-12, -1.8997892694052982e-13, 9.623853184273352e-13, Errors: X=2.7902981841514296e-12, Y=1.8997892694052982e-13, Velocities: X=0.0, Heading=0.06798061364824047, PID: KP=4, KI=5, KD=6
2024-11-29 17:35:46,847 - INFO - Position: -8.883017085577594e-14, -6.051177628907888e-15, 3.06476158959024e-14, Errors: X=8.883017085577594e-14, Y=6.051177628907888e-15, Velocities: X=0.0, Heading=0.06801566979768534, PID: KP=4, KI=5, KD=6
2024-11-29 17:35:47,029 - INFO - Position: -3.7398033245899033e-13, -2.546398841898332e-14, 1.289913748515942e-13, Errors: X=3.7398033245899033e-13, Y=2.546398841898332e-14, Velocities: X=0.0, Heading=0.06798417960902634, PID: KP=4, KI=5, KD=6
2024-11-29 17:35:47,134 - INFO - Position: -2.5610559094930083e-13, -1.74373258674379e-14, 8.833235904248684e-14, Errors: X=2.5610559094930083e-13, Y=1.74373258674379e-14, Velocities: X=0.0, Heading=0.06798155156544158, PID: KP=4, KI=5, KD=6
2024-11-29 17:35:47,239 - INFO - Position: -3.087216273841143e-13, -2.1018260102199517e-14, 1.0647519184380211e-13, Errors: X=3.087216273841143e-13, Y=2.1018260102199517e-14, Velocities: X=0.0, Heading=0.0679766958949915, PID: KP=4, KI=5, KD=6
2024-11-29 17:35:47,344 - INFO - Position: -3.472254329458651e-13, -2.3638548249761274e-14, 1.1975126070986901e-13, Errors: X=3.472254329458651e-13, Y=2.3638548249761274e-14, Velocities: X=0.0, Heading=0.06797350739066525, PID: KP=4, KI=5, KD=6
2024-11-29 17:35:47,450 - INFO - Position: -3.9551119091211617e-13, -2.6925011438003555e-14, 1.364016805907726e-13, Errors: X=3.9551119091211617e-13, Y=2.6925011438003555e-14, Velocities: X=0.0, Heading=0.06797161118254673, PID: KP=4, KI=5, KD=6
2024-11-29 17:35:48,150 - INFO - Position: -4.5124159182109545e-13, -3.0718580831602346e-14, 1.5562052409253589e-13, Errors: X=4.5124159182109545e-13, Y=3.0718580831602346e-14, Velocities: X=0.0, Heading=0.0679708162317095, PID: KP=4, KI=5, KD=6
2024-11-29 17:35:48,266 - INFO - Position: -5.133218628369271e-13, -3.494478948243946e-14, 1.7703042034778636e-13, Errors: X=5.133218628369271e-13, Y=3.494478948243946e-14, Velocities: X=0.0, Heading=0.06797091633981327, PID: KP=4, KI=5, KD=6
2024-11-29 17:35:48,372 - INFO - Position: -5.805610375784009e-13, -3.95226203462811e-14, 2.0022082580234394e-13, Errors: X=5.805610375784009e-13, Y=3.95226203462811e-14, Velocities: X=0.0, Heading=0.06797172416835542, PID: KP=4, KI=5, KD=6
2024-11-29 17:35:48,477 - INFO - Position: -6.518782412063473e-13, -4.4378558798276904e-14, 2.2481917007125414e-13, Errors: X=6.518782412063473e-13, Y=4.4378558798276904e-14, Velocities: X=0.0, Heading=0.06797310736249995, PID: KP=4, KI=5, KD=6
2024-11-29 17:35:48,584 - INFO - Position: -7.265114416603159e-13, -4.94607863033115e-14, 2.505628447989599e-13, Errors: X=7.265114416603159e-13, Y=4.94607863033115e-14, Velocities: X=0.0, Heading=0.06797495618032715, PID: KP=4, KI=5, KD=6
2024-11-29 17:35:48,690 - INFO - Position: -8.038278056229525e-13, -5.472629013711708e-14, 2.7723380164905603e-13, Errors: X=8.038278056229525e-13, Y=5.472629013711708e-14, Velocities: X=0.0, Heading=0.0679772071307549, PID: KP=4, KI=5, KD=6
2024-11-29 17:35:48,794 - INFO - Position: -8.834624867910994e-13, -6.015029141433905e-14, 3.0470641385205137e-13, Errors: X=8.834624867910994e-13, Y=6.015029141433905e-14, Velocities: X=0.0, Heading=0.06797980352097165, PID: KP=4, KI=5, KD=6
2024-11-29 17:35:48,899 - INFO - Position: -9.650882739670185e-13, -6.571057980242203e-14, 3.328680389713867e-13, Errors: X=9.650882739670185e-13, Y=6.571057980242203e-14, Velocities: X=0.0, Heading=0.06798271199991018, PID: KP=4, KI=5, KD=6
2024-11-29 17:37:25,111 - INFO - Initializing PyBullet environment...
2024-11-29 17:37:28,835 - INFO - Starting simulation...
2024-11-29 17:37:28,944 - INFO - Position: 1.288810816875099e-21, -1.9299437473402033e-21, -4.693389310939904e-22, Errors: X=-1.288810816875099e-21, Y=1.9299437473402033e-21, Velocities: X=-0.0, Heading=2.1595811223317436, PID: KP=4, KI=5, KD=6
2024-11-29 17:37:29,053 - INFO - Position: -2.7902981841514296e-12, -1.8997892694052982e-13, 9.623853184273352e-13, Errors: X=2.7902981841514296e-12, Y=1.8997892694052982e-13, Velocities: X=0.0, Heading=0.06798061364824047, PID: KP=4, KI=5, KD=6
2024-11-29 17:37:29,160 - INFO - Position: -8.883017085577594e-14, -6.051177628907888e-15, 3.06476158959024e-14, Errors: X=8.883017085577594e-14, Y=6.051177628907888e-15, Velocities: X=0.0, Heading=0.06801566979768534, PID: KP=4, KI=5, KD=6
2024-11-29 17:37:29,269 - INFO - Position: -3.7398033245899033e-13, -2.546398841898332e-14, 1.289913748515942e-13, Errors: X=3.7398033245899033e-13, Y=2.546398841898332e-14, Velocities: X=0.0, Heading=0.06798417960902634, PID: KP=4, KI=5, KD=6
2024-11-29 17:37:29,374 - INFO - Position: -2.5610559094930083e-13, -1.74373258674379e-14, 8.833235904248684e-14, Errors: X=2.5610559094930083e-13, Y=1.74373258674379e-14, Velocities: X=0.0, Heading=0.06798155156544158, PID: KP=4, KI=5, KD=6
2024-11-29 17:37:40,400 - INFO - Initializing PyBullet environment...
2024-11-29 17:37:44,556 - INFO - Starting simulation...
